
Tracing dependencies for: require-frontend

D:/phpStudy/PHPTutorial/WWW/3yaadmin/public/assets/js/require-frontend.min.js
----------------
D:/phpStudy/PHPTutorial/WWW/3yaadmin/public/assets/libs/jquery/dist/jquery.min.js
D:/phpStudy/PHPTutorial/WWW/3yaadmin/public/assets/libs/bootstrap/dist/js/bootstrap.min.js
D:/phpStudy/PHPTutorial/WWW/3yaadmin/public/assets/js/require-frontend.js
D:/phpStudy/PHPTutorial/WWW/3yaadmin/public/assets/js/../libs/require-css/css.min.js
D:/phpStudy/PHPTutorial/WWW/3yaadmin/public/assets/libs/fastadmin-layer/dist/layer.js
D:/phpStudy/PHPTutorial/WWW/3yaadmin/public/assets/libs/toastr/toastr.js
D:/phpStudy/PHPTutorial/WWW/3yaadmin/public/assets/js/fast.js
D:/phpStudy/PHPTutorial/WWW/3yaadmin/public/assets/libs/art-template/dist/template-native.js
D:/phpStudy/PHPTutorial/WWW/3yaadmin/public/assets/js/../libs/moment/moment.js
D:/phpStudy/PHPTutorial/WWW/3yaadmin/public/assets/js/frontend.js
D:/phpStudy/PHPTutorial/WWW/3yaadmin/public/assets/js/frontend-init.js


D:/phpStudy/PHPTutorial/WWW/3yaadmin/public/assets/css/frontend.min.css
----------------
D:/phpStudy/PHPTutorial/WWW/3yaadmin/public/assets/css/../css/bootstrap.css
D:/phpStudy/PHPTutorial/WWW/3yaadmin/public/assets/css/../css/fastadmin.css
D:/phpStudy/PHPTutorial/WWW/3yaadmin/public/assets/css/../css/iconfont.css
D:/phpStudy/PHPTutorial/WWW/3yaadmin/public/assets/css/../libs/font-awesome/css/font-awesome.min.css
D:/phpStudy/PHPTutorial/WWW/3yaadmin/public/assets/css/../libs/toastr/toastr.min.css
D:/phpStudy/PHPTutorial/WWW/3yaadmin/public/assets/css/../libs/fastadmin-layer/dist/theme/default/layer.css
D:/phpStudy/PHPTutorial/WWW/3yaadmin/public/assets/css/../libs/bootstrap-daterangepicker/daterangepicker.css
D:/phpStudy/PHPTutorial/WWW/3yaadmin/public/assets/css/../libs/nice-validator/dist/jquery.validator.css
D:/phpStudy/PHPTutorial/WWW/3yaadmin/public/assets/css/frontend.css


Tracing dependencies for: require-backend

D:/phpStudy/PHPTutorial/WWW/3yaadmin/public/assets/js/require-backend.min.js
----------------
D:/phpStudy/PHPTutorial/WWW/3yaadmin/public/assets/libs/jquery/dist/jquery.min.js
D:/phpStudy/PHPTutorial/WWW/3yaadmin/public/assets/libs/bootstrap/dist/js/bootstrap.min.js
D:/phpStudy/PHPTutorial/WWW/3yaadmin/public/assets/js/require-backend.js
D:/phpStudy/PHPTutorial/WWW/3yaadmin/public/assets/js/../libs/require-css/css.min.js
D:/phpStudy/PHPTutorial/WWW/3yaadmin/public/assets/libs/fastadmin-layer/dist/layer.js
D:/phpStudy/PHPTutorial/WWW/3yaadmin/public/assets/libs/toastr/toastr.js
D:/phpStudy/PHPTutorial/WWW/3yaadmin/public/assets/js/fast.js
D:/phpStudy/PHPTutorial/WWW/3yaadmin/public/assets/libs/art-template/dist/template-native.js
D:/phpStudy/PHPTutorial/WWW/3yaadmin/public/assets/js/../libs/moment/moment.js
D:/phpStudy/PHPTutorial/WWW/3yaadmin/public/assets/js/backend.js
D:/phpStudy/PHPTutorial/WWW/3yaadmin/public/assets/js/backend-init.js
D:/phpStudy/PHPTutorial/WWW/3yaadmin/public/assets/js/../libs/moment/locale/zh-cn.js
D:/phpStudy/PHPTutorial/WWW/3yaadmin/public/assets/libs/bootstrap-table/dist/bootstrap-table.min.js
D:/phpStudy/PHPTutorial/WWW/3yaadmin/public/assets/libs/bootstrap-table/dist/locale/bootstrap-table-zh-CN.js
D:/phpStudy/PHPTutorial/WWW/3yaadmin/public/assets/libs/tableExport.jquery.plugin/tableExport.min.js
D:/phpStudy/PHPTutorial/WWW/3yaadmin/public/assets/libs/bootstrap-table/dist/extensions/export/bootstrap-table-export.min.js
D:/phpStudy/PHPTutorial/WWW/3yaadmin/public/assets/js/../libs/plupload/js/moxie.min.js
D:/phpStudy/PHPTutorial/WWW/3yaadmin/public/assets/libs/plupload/js/plupload.min.js
D:/phpStudy/PHPTutorial/WWW/3yaadmin/public/assets/js/require-upload.js
D:/phpStudy/PHPTutorial/WWW/3yaadmin/public/assets/libs/nice-validator/dist/jquery.validator.js
D:/phpStudy/PHPTutorial/WWW/3yaadmin/public/assets/libs/nice-validator/dist/local/zh-CN.js
D:/phpStudy/PHPTutorial/WWW/3yaadmin/public/assets/js/require-validator.js
D:/phpStudy/PHPTutorial/WWW/3yaadmin/public/assets/js/require-form.js
D:/phpStudy/PHPTutorial/WWW/3yaadmin/public/assets/js/bootstrap-table-commonsearch.js
D:/phpStudy/PHPTutorial/WWW/3yaadmin/public/assets/js/bootstrap-table-template.js
D:/phpStudy/PHPTutorial/WWW/3yaadmin/public/assets/js/require-table.js
D:/phpStudy/PHPTutorial/WWW/3yaadmin/public/assets/libs/fastadmin-dragsort/jquery.dragsort.js
D:/phpStudy/PHPTutorial/WWW/3yaadmin/public/assets/js/jquery.drag.min.js
D:/phpStudy/PHPTutorial/WWW/3yaadmin/public/assets/js/jquery.drop.min.js
D:/phpStudy/PHPTutorial/WWW/3yaadmin/public/assets/libs/fastadmin-addtabs/jquery.addtabs.js
D:/phpStudy/PHPTutorial/WWW/3yaadmin/public/assets/libs/fastadmin-selectpage/selectpage.js


D:/phpStudy/PHPTutorial/WWW/3yaadmin/public/assets/css/backend.min.css
----------------
D:/phpStudy/PHPTutorial/WWW/3yaadmin/public/assets/css/../css/bootstrap.css
D:/phpStudy/PHPTutorial/WWW/3yaadmin/public/assets/css/../css/fastadmin.css
D:/phpStudy/PHPTutorial/WWW/3yaadmin/public/assets/css/../css/skins/skin-green.css
D:/phpStudy/PHPTutorial/WWW/3yaadmin/public/assets/css/../css/iconfont.css
D:/phpStudy/PHPTutorial/WWW/3yaadmin/public/assets/css/../libs/font-awesome/css/font-awesome.min.css
D:/phpStudy/PHPTutorial/WWW/3yaadmin/public/assets/css/../libs/toastr/toastr.min.css
D:/phpStudy/PHPTutorial/WWW/3yaadmin/public/assets/css/../libs/fastadmin-layer/dist/theme/default/layer.css
D:/phpStudy/PHPTutorial/WWW/3yaadmin/public/assets/css/../libs/bootstrap-table/dist/bootstrap-table.min.css
D:/phpStudy/PHPTutorial/WWW/3yaadmin/public/assets/css/../libs/eonasdan-bootstrap-datetimepicker/build/css/bootstrap-datetimepicker.min.css
D:/phpStudy/PHPTutorial/WWW/3yaadmin/public/assets/css/../libs/bootstrap-daterangepicker/daterangepicker.css
D:/phpStudy/PHPTutorial/WWW/3yaadmin/public/assets/css/../libs/nice-validator/dist/jquery.validator.css
D:/phpStudy/PHPTutorial/WWW/3yaadmin/public/assets/css/../libs/bootstrap-select/dist/css/bootstrap-select.min.css
D:/phpStudy/PHPTutorial/WWW/3yaadmin/public/assets/css/../libs/fastadmin-selectpage/selectpage.css
D:/phpStudy/PHPTutorial/WWW/3yaadmin/public/assets/css/backend.css


Tracing dependencies for: require-frontend

D:/phpStudy/PHPTutorial/WWW/3yaadmin/public/assets/js/require-frontend.min.js
----------------
D:/phpStudy/PHPTutorial/WWW/3yaadmin/public/assets/libs/jquery/dist/jquery.min.js
D:/phpStudy/PHPTutorial/WWW/3yaadmin/public/assets/libs/bootstrap/dist/js/bootstrap.min.js
D:/phpStudy/PHPTutorial/WWW/3yaadmin/public/assets/js/require-frontend.js
D:/phpStudy/PHPTutorial/WWW/3yaadmin/public/assets/js/../libs/require-css/css.min.js
D:/phpStudy/PHPTutorial/WWW/3yaadmin/public/assets/libs/fastadmin-layer/dist/layer.js
D:/phpStudy/PHPTutorial/WWW/3yaadmin/public/assets/libs/toastr/toastr.js
D:/phpStudy/PHPTutorial/WWW/3yaadmin/public/assets/js/fast.js
D:/phpStudy/PHPTutorial/WWW/3yaadmin/public/assets/libs/art-template/dist/template-native.js
D:/phpStudy/PHPTutorial/WWW/3yaadmin/public/assets/js/../libs/moment/moment.js
D:/phpStudy/PHPTutorial/WWW/3yaadmin/public/assets/js/frontend.js
D:/phpStudy/PHPTutorial/WWW/3yaadmin/public/assets/js/frontend-init.js


D:/phpStudy/PHPTutorial/WWW/3yaadmin/public/assets/css/frontend.min.css
----------------
D:/phpStudy/PHPTutorial/WWW/3yaadmin/public/assets/css/../css/bootstrap.css
D:/phpStudy/PHPTutorial/WWW/3yaadmin/public/assets/css/../css/fastadmin.css
D:/phpStudy/PHPTutorial/WWW/3yaadmin/public/assets/css/../css/iconfont.css
D:/phpStudy/PHPTutorial/WWW/3yaadmin/public/assets/css/../libs/font-awesome/css/font-awesome.min.css
D:/phpStudy/PHPTutorial/WWW/3yaadmin/public/assets/css/../libs/toastr/toastr.min.css
D:/phpStudy/PHPTutorial/WWW/3yaadmin/public/assets/css/../libs/fastadmin-layer/dist/theme/default/layer.css
D:/phpStudy/PHPTutorial/WWW/3yaadmin/public/assets/css/../libs/bootstrap-daterangepicker/daterangepicker.css
D:/phpStudy/PHPTutorial/WWW/3yaadmin/public/assets/css/../libs/nice-validator/dist/jquery.validator.css
D:/phpStudy/PHPTutorial/WWW/3yaadmin/public/assets/css/frontend.css


Tracing dependencies for: require-backend

D:/phpStudy/PHPTutorial/WWW/3yaadmin/public/assets/js/require-backend.min.js
----------------
D:/phpStudy/PHPTutorial/WWW/3yaadmin/public/assets/libs/jquery/dist/jquery.min.js
D:/phpStudy/PHPTutorial/WWW/3yaadmin/public/assets/libs/bootstrap/dist/js/bootstrap.min.js
D:/phpStudy/PHPTutorial/WWW/3yaadmin/public/assets/js/require-backend.js
D:/phpStudy/PHPTutorial/WWW/3yaadmin/public/assets/js/../libs/require-css/css.min.js
D:/phpStudy/PHPTutorial/WWW/3yaadmin/public/assets/libs/fastadmin-layer/dist/layer.js
D:/phpStudy/PHPTutorial/WWW/3yaadmin/public/assets/libs/toastr/toastr.js
D:/phpStudy/PHPTutorial/WWW/3yaadmin/public/assets/js/fast.js
D:/phpStudy/PHPTutorial/WWW/3yaadmin/public/assets/libs/art-template/dist/template-native.js
D:/phpStudy/PHPTutorial/WWW/3yaadmin/public/assets/js/../libs/moment/moment.js
D:/phpStudy/PHPTutorial/WWW/3yaadmin/public/assets/js/backend.js
D:/phpStudy/PHPTutorial/WWW/3yaadmin/public/assets/js/backend-init.js
D:/phpStudy/PHPTutorial/WWW/3yaadmin/public/assets/js/../libs/moment/locale/zh-cn.js
D:/phpStudy/PHPTutorial/WWW/3yaadmin/public/assets/libs/bootstrap-table/dist/bootstrap-table.min.js
D:/phpStudy/PHPTutorial/WWW/3yaadmin/public/assets/libs/bootstrap-table/dist/locale/bootstrap-table-zh-CN.js
D:/phpStudy/PHPTutorial/WWW/3yaadmin/public/assets/libs/tableExport.jquery.plugin/tableExport.min.js
D:/phpStudy/PHPTutorial/WWW/3yaadmin/public/assets/libs/bootstrap-table/dist/extensions/export/bootstrap-table-export.min.js
D:/phpStudy/PHPTutorial/WWW/3yaadmin/public/assets/js/../libs/plupload/js/moxie.min.js
D:/phpStudy/PHPTutorial/WWW/3yaadmin/public/assets/libs/plupload/js/plupload.min.js
D:/phpStudy/PHPTutorial/WWW/3yaadmin/public/assets/js/require-upload.js
D:/phpStudy/PHPTutorial/WWW/3yaadmin/public/assets/libs/nice-validator/dist/jquery.validator.js
D:/phpStudy/PHPTutorial/WWW/3yaadmin/public/assets/libs/nice-validator/dist/local/zh-CN.js
D:/phpStudy/PHPTutorial/WWW/3yaadmin/public/assets/js/require-validator.js
D:/phpStudy/PHPTutorial/WWW/3yaadmin/public/assets/js/require-form.js
D:/phpStudy/PHPTutorial/WWW/3yaadmin/public/assets/js/bootstrap-table-commonsearch.js
D:/phpStudy/PHPTutorial/WWW/3yaadmin/public/assets/js/bootstrap-table-template.js
D:/phpStudy/PHPTutorial/WWW/3yaadmin/public/assets/js/require-table.js
D:/phpStudy/PHPTutorial/WWW/3yaadmin/public/assets/libs/fastadmin-dragsort/jquery.dragsort.js
D:/phpStudy/PHPTutorial/WWW/3yaadmin/public/assets/js/jquery.drag.min.js
D:/phpStudy/PHPTutorial/WWW/3yaadmin/public/assets/js/jquery.drop.min.js
D:/phpStudy/PHPTutorial/WWW/3yaadmin/public/assets/libs/fastadmin-addtabs/jquery.addtabs.js
D:/phpStudy/PHPTutorial/WWW/3yaadmin/public/assets/libs/fastadmin-selectpage/selectpage.js


D:/phpStudy/PHPTutorial/WWW/3yaadmin/public/assets/css/backend.min.css
----------------
D:/phpStudy/PHPTutorial/WWW/3yaadmin/public/assets/css/../css/bootstrap.css
D:/phpStudy/PHPTutorial/WWW/3yaadmin/public/assets/css/../css/fastadmin.css
D:/phpStudy/PHPTutorial/WWW/3yaadmin/public/assets/css/../css/skins/skin-green.css
D:/phpStudy/PHPTutorial/WWW/3yaadmin/public/assets/css/../css/iconfont.css
D:/phpStudy/PHPTutorial/WWW/3yaadmin/public/assets/css/../libs/font-awesome/css/font-awesome.min.css
D:/phpStudy/PHPTutorial/WWW/3yaadmin/public/assets/css/../libs/toastr/toastr.min.css
D:/phpStudy/PHPTutorial/WWW/3yaadmin/public/assets/css/../libs/fastadmin-layer/dist/theme/default/layer.css
D:/phpStudy/PHPTutorial/WWW/3yaadmin/public/assets/css/../libs/bootstrap-table/dist/bootstrap-table.min.css
D:/phpStudy/PHPTutorial/WWW/3yaadmin/public/assets/css/../libs/eonasdan-bootstrap-datetimepicker/build/css/bootstrap-datetimepicker.min.css
D:/phpStudy/PHPTutorial/WWW/3yaadmin/public/assets/css/../libs/bootstrap-daterangepicker/daterangepicker.css
D:/phpStudy/PHPTutorial/WWW/3yaadmin/public/assets/css/../libs/nice-validator/dist/jquery.validator.css
D:/phpStudy/PHPTutorial/WWW/3yaadmin/public/assets/css/../libs/bootstrap-select/dist/css/bootstrap-select.min.css
D:/phpStudy/PHPTutorial/WWW/3yaadmin/public/assets/css/../libs/fastadmin-selectpage/selectpage.css
D:/phpStudy/PHPTutorial/WWW/3yaadmin/public/assets/css/backend.css


Tracing dependencies for: require-frontend

D:/phpStudy/PHPTutorial/WWW/3yaadmin/public/assets/js/require-frontend.min.js
----------------
D:/phpStudy/PHPTutorial/WWW/3yaadmin/public/assets/libs/jquery/dist/jquery.min.js
D:/phpStudy/PHPTutorial/WWW/3yaadmin/public/assets/libs/bootstrap/dist/js/bootstrap.min.js
D:/phpStudy/PHPTutorial/WWW/3yaadmin/public/assets/js/require-frontend.js
D:/phpStudy/PHPTutorial/WWW/3yaadmin/public/assets/js/../libs/require-css/css.min.js
D:/phpStudy/PHPTutorial/WWW/3yaadmin/public/assets/libs/fastadmin-layer/dist/layer.js
D:/phpStudy/PHPTutorial/WWW/3yaadmin/public/assets/libs/toastr/toastr.js
D:/phpStudy/PHPTutorial/WWW/3yaadmin/public/assets/js/fast.js
D:/phpStudy/PHPTutorial/WWW/3yaadmin/public/assets/libs/art-template/dist/template-native.js
D:/phpStudy/PHPTutorial/WWW/3yaadmin/public/assets/js/../libs/moment/moment.js
D:/phpStudy/PHPTutorial/WWW/3yaadmin/public/assets/js/frontend.js
D:/phpStudy/PHPTutorial/WWW/3yaadmin/public/assets/js/frontend-init.js


D:/phpStudy/PHPTutorial/WWW/3yaadmin/public/assets/css/frontend.min.css
----------------
D:/phpStudy/PHPTutorial/WWW/3yaadmin/public/assets/css/../css/bootstrap.css
D:/phpStudy/PHPTutorial/WWW/3yaadmin/public/assets/css/../css/fastadmin.css
D:/phpStudy/PHPTutorial/WWW/3yaadmin/public/assets/css/../css/iconfont.css
D:/phpStudy/PHPTutorial/WWW/3yaadmin/public/assets/css/../libs/font-awesome/css/font-awesome.min.css
D:/phpStudy/PHPTutorial/WWW/3yaadmin/public/assets/css/../libs/toastr/toastr.min.css
D:/phpStudy/PHPTutorial/WWW/3yaadmin/public/assets/css/../libs/fastadmin-layer/dist/theme/default/layer.css
D:/phpStudy/PHPTutorial/WWW/3yaadmin/public/assets/css/../libs/bootstrap-daterangepicker/daterangepicker.css
D:/phpStudy/PHPTutorial/WWW/3yaadmin/public/assets/css/../libs/nice-validator/dist/jquery.validator.css
D:/phpStudy/PHPTutorial/WWW/3yaadmin/public/assets/css/frontend.css


Tracing dependencies for: require-backend

D:/phpStudy/PHPTutorial/WWW/3yaadmin/public/assets/js/require-backend.min.js
----------------
D:/phpStudy/PHPTutorial/WWW/3yaadmin/public/assets/libs/jquery/dist/jquery.min.js
D:/phpStudy/PHPTutorial/WWW/3yaadmin/public/assets/libs/bootstrap/dist/js/bootstrap.min.js
D:/phpStudy/PHPTutorial/WWW/3yaadmin/public/assets/js/require-backend.js
D:/phpStudy/PHPTutorial/WWW/3yaadmin/public/assets/js/../libs/require-css/css.min.js
D:/phpStudy/PHPTutorial/WWW/3yaadmin/public/assets/libs/fastadmin-layer/dist/layer.js
D:/phpStudy/PHPTutorial/WWW/3yaadmin/public/assets/libs/toastr/toastr.js
D:/phpStudy/PHPTutorial/WWW/3yaadmin/public/assets/js/fast.js
D:/phpStudy/PHPTutorial/WWW/3yaadmin/public/assets/libs/art-template/dist/template-native.js
D:/phpStudy/PHPTutorial/WWW/3yaadmin/public/assets/js/../libs/moment/moment.js
D:/phpStudy/PHPTutorial/WWW/3yaadmin/public/assets/js/backend.js
D:/phpStudy/PHPTutorial/WWW/3yaadmin/public/assets/js/backend-init.js
D:/phpStudy/PHPTutorial/WWW/3yaadmin/public/assets/js/../libs/moment/locale/zh-cn.js
D:/phpStudy/PHPTutorial/WWW/3yaadmin/public/assets/libs/bootstrap-table/dist/bootstrap-table.min.js
D:/phpStudy/PHPTutorial/WWW/3yaadmin/public/assets/libs/bootstrap-table/dist/locale/bootstrap-table-zh-CN.js
D:/phpStudy/PHPTutorial/WWW/3yaadmin/public/assets/libs/tableExport.jquery.plugin/tableExport.min.js
D:/phpStudy/PHPTutorial/WWW/3yaadmin/public/assets/libs/bootstrap-table/dist/extensions/export/bootstrap-table-export.min.js
D:/phpStudy/PHPTutorial/WWW/3yaadmin/public/assets/js/../libs/plupload/js/moxie.min.js
D:/phpStudy/PHPTutorial/WWW/3yaadmin/public/assets/libs/plupload/js/plupload.min.js
D:/phpStudy/PHPTutorial/WWW/3yaadmin/public/assets/js/require-upload.js
D:/phpStudy/PHPTutorial/WWW/3yaadmin/public/assets/libs/nice-validator/dist/jquery.validator.js
D:/phpStudy/PHPTutorial/WWW/3yaadmin/public/assets/libs/nice-validator/dist/local/zh-CN.js
D:/phpStudy/PHPTutorial/WWW/3yaadmin/public/assets/js/require-validator.js
D:/phpStudy/PHPTutorial/WWW/3yaadmin/public/assets/js/require-form.js
D:/phpStudy/PHPTutorial/WWW/3yaadmin/public/assets/js/bootstrap-table-commonsearch.js
D:/phpStudy/PHPTutorial/WWW/3yaadmin/public/assets/js/bootstrap-table-template.js
D:/phpStudy/PHPTutorial/WWW/3yaadmin/public/assets/js/require-table.js
D:/phpStudy/PHPTutorial/WWW/3yaadmin/public/assets/libs/fastadmin-dragsort/jquery.dragsort.js
D:/phpStudy/PHPTutorial/WWW/3yaadmin/public/assets/js/jquery.drag.min.js
D:/phpStudy/PHPTutorial/WWW/3yaadmin/public/assets/js/jquery.drop.min.js
D:/phpStudy/PHPTutorial/WWW/3yaadmin/public/assets/libs/fastadmin-addtabs/jquery.addtabs.js
D:/phpStudy/PHPTutorial/WWW/3yaadmin/public/assets/libs/fastadmin-selectpage/selectpage.js


D:/phpStudy/PHPTutorial/WWW/3yaadmin/public/assets/css/backend.min.css
----------------
D:/phpStudy/PHPTutorial/WWW/3yaadmin/public/assets/css/../css/bootstrap.css
D:/phpStudy/PHPTutorial/WWW/3yaadmin/public/assets/css/../css/fastadmin.css
D:/phpStudy/PHPTutorial/WWW/3yaadmin/public/assets/css/../css/skins/skin-green.css
D:/phpStudy/PHPTutorial/WWW/3yaadmin/public/assets/css/../css/iconfont.css
D:/phpStudy/PHPTutorial/WWW/3yaadmin/public/assets/css/../libs/font-awesome/css/font-awesome.min.css
D:/phpStudy/PHPTutorial/WWW/3yaadmin/public/assets/css/../libs/toastr/toastr.min.css
D:/phpStudy/PHPTutorial/WWW/3yaadmin/public/assets/css/../libs/fastadmin-layer/dist/theme/default/layer.css
D:/phpStudy/PHPTutorial/WWW/3yaadmin/public/assets/css/../libs/bootstrap-table/dist/bootstrap-table.min.css
D:/phpStudy/PHPTutorial/WWW/3yaadmin/public/assets/css/../libs/eonasdan-bootstrap-datetimepicker/build/css/bootstrap-datetimepicker.min.css
D:/phpStudy/PHPTutorial/WWW/3yaadmin/public/assets/css/../libs/bootstrap-daterangepicker/daterangepicker.css
D:/phpStudy/PHPTutorial/WWW/3yaadmin/public/assets/css/../libs/nice-validator/dist/jquery.validator.css
D:/phpStudy/PHPTutorial/WWW/3yaadmin/public/assets/css/../libs/bootstrap-select/dist/css/bootstrap-select.min.css
D:/phpStudy/PHPTutorial/WWW/3yaadmin/public/assets/css/../libs/fastadmin-selectpage/selectpage.css
D:/phpStudy/PHPTutorial/WWW/3yaadmin/public/assets/css/backend.css


Tracing dependencies for: require-frontend

D:/phpStudy/PHPTutorial/WWW/3yaadmin/public/assets/js/require-frontend.min.js
----------------
D:/phpStudy/PHPTutorial/WWW/3yaadmin/public/assets/libs/jquery/dist/jquery.min.js
D:/phpStudy/PHPTutorial/WWW/3yaadmin/public/assets/libs/bootstrap/dist/js/bootstrap.min.js
D:/phpStudy/PHPTutorial/WWW/3yaadmin/public/assets/js/require-frontend.js
D:/phpStudy/PHPTutorial/WWW/3yaadmin/public/assets/js/../libs/require-css/css.min.js
D:/phpStudy/PHPTutorial/WWW/3yaadmin/public/assets/libs/fastadmin-layer/dist/layer.js
D:/phpStudy/PHPTutorial/WWW/3yaadmin/public/assets/libs/toastr/toastr.js
D:/phpStudy/PHPTutorial/WWW/3yaadmin/public/assets/js/fast.js
D:/phpStudy/PHPTutorial/WWW/3yaadmin/public/assets/libs/art-template/dist/template-native.js
D:/phpStudy/PHPTutorial/WWW/3yaadmin/public/assets/js/../libs/moment/moment.js
D:/phpStudy/PHPTutorial/WWW/3yaadmin/public/assets/js/frontend.js
D:/phpStudy/PHPTutorial/WWW/3yaadmin/public/assets/js/frontend-init.js


D:/phpStudy/PHPTutorial/WWW/3yaadmin/public/assets/css/frontend.min.css
----------------
D:/phpStudy/PHPTutorial/WWW/3yaadmin/public/assets/css/../css/bootstrap.css
D:/phpStudy/PHPTutorial/WWW/3yaadmin/public/assets/css/../css/fastadmin.css
D:/phpStudy/PHPTutorial/WWW/3yaadmin/public/assets/css/../css/iconfont.css
D:/phpStudy/PHPTutorial/WWW/3yaadmin/public/assets/css/../libs/font-awesome/css/font-awesome.min.css
D:/phpStudy/PHPTutorial/WWW/3yaadmin/public/assets/css/../libs/toastr/toastr.min.css
D:/phpStudy/PHPTutorial/WWW/3yaadmin/public/assets/css/../libs/fastadmin-layer/dist/theme/default/layer.css
D:/phpStudy/PHPTutorial/WWW/3yaadmin/public/assets/css/../libs/bootstrap-daterangepicker/daterangepicker.css
D:/phpStudy/PHPTutorial/WWW/3yaadmin/public/assets/css/../libs/nice-validator/dist/jquery.validator.css
D:/phpStudy/PHPTutorial/WWW/3yaadmin/public/assets/css/frontend.css


Tracing dependencies for: require-backend

D:/phpStudy/PHPTutorial/WWW/3yaadmin/public/assets/js/require-backend.min.js
----------------
D:/phpStudy/PHPTutorial/WWW/3yaadmin/public/assets/libs/jquery/dist/jquery.min.js
D:/phpStudy/PHPTutorial/WWW/3yaadmin/public/assets/libs/bootstrap/dist/js/bootstrap.min.js
D:/phpStudy/PHPTutorial/WWW/3yaadmin/public/assets/js/require-backend.js
D:/phpStudy/PHPTutorial/WWW/3yaadmin/public/assets/js/../libs/require-css/css.min.js
D:/phpStudy/PHPTutorial/WWW/3yaadmin/public/assets/libs/fastadmin-layer/dist/layer.js
D:/phpStudy/PHPTutorial/WWW/3yaadmin/public/assets/libs/toastr/toastr.js
D:/phpStudy/PHPTutorial/WWW/3yaadmin/public/assets/js/fast.js
D:/phpStudy/PHPTutorial/WWW/3yaadmin/public/assets/libs/art-template/dist/template-native.js
D:/phpStudy/PHPTutorial/WWW/3yaadmin/public/assets/js/../libs/moment/moment.js
D:/phpStudy/PHPTutorial/WWW/3yaadmin/public/assets/js/backend.js
D:/phpStudy/PHPTutorial/WWW/3yaadmin/public/assets/js/backend-init.js
D:/phpStudy/PHPTutorial/WWW/3yaadmin/public/assets/js/../libs/moment/locale/zh-cn.js
D:/phpStudy/PHPTutorial/WWW/3yaadmin/public/assets/libs/bootstrap-table/dist/bootstrap-table.min.js
D:/phpStudy/PHPTutorial/WWW/3yaadmin/public/assets/libs/bootstrap-table/dist/locale/bootstrap-table-zh-CN.js
D:/phpStudy/PHPTutorial/WWW/3yaadmin/public/assets/libs/tableExport.jquery.plugin/tableExport.min.js
D:/phpStudy/PHPTutorial/WWW/3yaadmin/public/assets/libs/bootstrap-table/dist/extensions/export/bootstrap-table-export.min.js
D:/phpStudy/PHPTutorial/WWW/3yaadmin/public/assets/js/../libs/plupload/js/moxie.min.js
D:/phpStudy/PHPTutorial/WWW/3yaadmin/public/assets/libs/plupload/js/plupload.min.js
D:/phpStudy/PHPTutorial/WWW/3yaadmin/public/assets/js/require-upload.js
D:/phpStudy/PHPTutorial/WWW/3yaadmin/public/assets/libs/nice-validator/dist/jquery.validator.js
D:/phpStudy/PHPTutorial/WWW/3yaadmin/public/assets/libs/nice-validator/dist/local/zh-CN.js
D:/phpStudy/PHPTutorial/WWW/3yaadmin/public/assets/js/require-validator.js
D:/phpStudy/PHPTutorial/WWW/3yaadmin/public/assets/js/require-form.js
D:/phpStudy/PHPTutorial/WWW/3yaadmin/public/assets/js/bootstrap-table-commonsearch.js
D:/phpStudy/PHPTutorial/WWW/3yaadmin/public/assets/js/bootstrap-table-template.js
D:/phpStudy/PHPTutorial/WWW/3yaadmin/public/assets/js/require-table.js
D:/phpStudy/PHPTutorial/WWW/3yaadmin/public/assets/libs/fastadmin-dragsort/jquery.dragsort.js
D:/phpStudy/PHPTutorial/WWW/3yaadmin/public/assets/js/jquery.drag.min.js
D:/phpStudy/PHPTutorial/WWW/3yaadmin/public/assets/js/jquery.drop.min.js
D:/phpStudy/PHPTutorial/WWW/3yaadmin/public/assets/libs/fastadmin-addtabs/jquery.addtabs.js
D:/phpStudy/PHPTutorial/WWW/3yaadmin/public/assets/libs/fastadmin-selectpage/selectpage.js


D:/phpStudy/PHPTutorial/WWW/3yaadmin/public/assets/css/backend.min.css
----------------
D:/phpStudy/PHPTutorial/WWW/3yaadmin/public/assets/css/../css/bootstrap.css
D:/phpStudy/PHPTutorial/WWW/3yaadmin/public/assets/css/../css/fastadmin.css
D:/phpStudy/PHPTutorial/WWW/3yaadmin/public/assets/css/../css/skins/skin-green.css
D:/phpStudy/PHPTutorial/WWW/3yaadmin/public/assets/css/../css/iconfont.css
D:/phpStudy/PHPTutorial/WWW/3yaadmin/public/assets/css/../libs/font-awesome/css/font-awesome.min.css
D:/phpStudy/PHPTutorial/WWW/3yaadmin/public/assets/css/../libs/toastr/toastr.min.css
D:/phpStudy/PHPTutorial/WWW/3yaadmin/public/assets/css/../libs/fastadmin-layer/dist/theme/default/layer.css
D:/phpStudy/PHPTutorial/WWW/3yaadmin/public/assets/css/../libs/bootstrap-table/dist/bootstrap-table.min.css
D:/phpStudy/PHPTutorial/WWW/3yaadmin/public/assets/css/../libs/eonasdan-bootstrap-datetimepicker/build/css/bootstrap-datetimepicker.min.css
D:/phpStudy/PHPTutorial/WWW/3yaadmin/public/assets/css/../libs/bootstrap-daterangepicker/daterangepicker.css
D:/phpStudy/PHPTutorial/WWW/3yaadmin/public/assets/css/../libs/nice-validator/dist/jquery.validator.css
D:/phpStudy/PHPTutorial/WWW/3yaadmin/public/assets/css/../libs/bootstrap-select/dist/css/bootstrap-select.min.css
D:/phpStudy/PHPTutorial/WWW/3yaadmin/public/assets/css/../libs/fastadmin-selectpage/selectpage.css
D:/phpStudy/PHPTutorial/WWW/3yaadmin/public/assets/css/backend.css


Tracing dependencies for: require-frontend

D:/phpStudy/PHPTutorial/WWW/3yaadmin/public/assets/js/require-frontend.min.js
----------------
D:/phpStudy/PHPTutorial/WWW/3yaadmin/public/assets/libs/jquery/dist/jquery.min.js
D:/phpStudy/PHPTutorial/WWW/3yaadmin/public/assets/libs/bootstrap/dist/js/bootstrap.min.js
D:/phpStudy/PHPTutorial/WWW/3yaadmin/public/assets/js/require-frontend.js
D:/phpStudy/PHPTutorial/WWW/3yaadmin/public/assets/js/../libs/require-css/css.min.js
D:/phpStudy/PHPTutorial/WWW/3yaadmin/public/assets/libs/fastadmin-layer/dist/layer.js
D:/phpStudy/PHPTutorial/WWW/3yaadmin/public/assets/libs/toastr/toastr.js
D:/phpStudy/PHPTutorial/WWW/3yaadmin/public/assets/js/fast.js
D:/phpStudy/PHPTutorial/WWW/3yaadmin/public/assets/libs/art-template/dist/template-native.js
D:/phpStudy/PHPTutorial/WWW/3yaadmin/public/assets/js/../libs/moment/moment.js
D:/phpStudy/PHPTutorial/WWW/3yaadmin/public/assets/js/frontend.js
D:/phpStudy/PHPTutorial/WWW/3yaadmin/public/assets/js/frontend-init.js


D:/phpStudy/PHPTutorial/WWW/3yaadmin/public/assets/css/frontend.min.css
----------------
D:/phpStudy/PHPTutorial/WWW/3yaadmin/public/assets/css/../css/bootstrap.css
D:/phpStudy/PHPTutorial/WWW/3yaadmin/public/assets/css/../css/fastadmin.css
D:/phpStudy/PHPTutorial/WWW/3yaadmin/public/assets/css/../css/iconfont.css
D:/phpStudy/PHPTutorial/WWW/3yaadmin/public/assets/css/../libs/font-awesome/css/font-awesome.min.css
D:/phpStudy/PHPTutorial/WWW/3yaadmin/public/assets/css/../libs/toastr/toastr.min.css
D:/phpStudy/PHPTutorial/WWW/3yaadmin/public/assets/css/../libs/fastadmin-layer/dist/theme/default/layer.css
D:/phpStudy/PHPTutorial/WWW/3yaadmin/public/assets/css/../libs/bootstrap-daterangepicker/daterangepicker.css
D:/phpStudy/PHPTutorial/WWW/3yaadmin/public/assets/css/../libs/nice-validator/dist/jquery.validator.css
D:/phpStudy/PHPTutorial/WWW/3yaadmin/public/assets/css/frontend.css


Tracing dependencies for: require-backend

D:/phpStudy/PHPTutorial/WWW/3yaadmin/public/assets/js/require-backend.min.js
----------------
D:/phpStudy/PHPTutorial/WWW/3yaadmin/public/assets/libs/jquery/dist/jquery.min.js
D:/phpStudy/PHPTutorial/WWW/3yaadmin/public/assets/libs/bootstrap/dist/js/bootstrap.min.js
D:/phpStudy/PHPTutorial/WWW/3yaadmin/public/assets/js/require-backend.js
D:/phpStudy/PHPTutorial/WWW/3yaadmin/public/assets/js/../libs/require-css/css.min.js
D:/phpStudy/PHPTutorial/WWW/3yaadmin/public/assets/libs/fastadmin-layer/dist/layer.js
D:/phpStudy/PHPTutorial/WWW/3yaadmin/public/assets/libs/toastr/toastr.js
D:/phpStudy/PHPTutorial/WWW/3yaadmin/public/assets/js/fast.js
D:/phpStudy/PHPTutorial/WWW/3yaadmin/public/assets/libs/art-template/dist/template-native.js
D:/phpStudy/PHPTutorial/WWW/3yaadmin/public/assets/js/../libs/moment/moment.js
D:/phpStudy/PHPTutorial/WWW/3yaadmin/public/assets/js/backend.js
D:/phpStudy/PHPTutorial/WWW/3yaadmin/public/assets/js/backend-init.js
D:/phpStudy/PHPTutorial/WWW/3yaadmin/public/assets/js/../libs/moment/locale/zh-cn.js
D:/phpStudy/PHPTutorial/WWW/3yaadmin/public/assets/libs/bootstrap-table/dist/bootstrap-table.min.js
D:/phpStudy/PHPTutorial/WWW/3yaadmin/public/assets/libs/bootstrap-table/dist/locale/bootstrap-table-zh-CN.js
D:/phpStudy/PHPTutorial/WWW/3yaadmin/public/assets/libs/tableExport.jquery.plugin/tableExport.min.js
D:/phpStudy/PHPTutorial/WWW/3yaadmin/public/assets/libs/bootstrap-table/dist/extensions/export/bootstrap-table-export.min.js
D:/phpStudy/PHPTutorial/WWW/3yaadmin/public/assets/js/../libs/plupload/js/moxie.min.js
D:/phpStudy/PHPTutorial/WWW/3yaadmin/public/assets/libs/plupload/js/plupload.min.js
D:/phpStudy/PHPTutorial/WWW/3yaadmin/public/assets/js/require-upload.js
D:/phpStudy/PHPTutorial/WWW/3yaadmin/public/assets/libs/nice-validator/dist/jquery.validator.js
D:/phpStudy/PHPTutorial/WWW/3yaadmin/public/assets/libs/nice-validator/dist/local/zh-CN.js
D:/phpStudy/PHPTutorial/WWW/3yaadmin/public/assets/js/require-validator.js
D:/phpStudy/PHPTutorial/WWW/3yaadmin/public/assets/js/require-form.js
D:/phpStudy/PHPTutorial/WWW/3yaadmin/public/assets/js/bootstrap-table-commonsearch.js
D:/phpStudy/PHPTutorial/WWW/3yaadmin/public/assets/js/bootstrap-table-template.js
D:/phpStudy/PHPTutorial/WWW/3yaadmin/public/assets/js/bootstrap-table-pagejump.js
D:/phpStudy/PHPTutorial/WWW/3yaadmin/public/assets/js/require-table.js
D:/phpStudy/PHPTutorial/WWW/3yaadmin/public/assets/libs/fastadmin-dragsort/jquery.dragsort.js
D:/phpStudy/PHPTutorial/WWW/3yaadmin/public/assets/js/jquery.drag.min.js
D:/phpStudy/PHPTutorial/WWW/3yaadmin/public/assets/js/jquery.drop.min.js
D:/phpStudy/PHPTutorial/WWW/3yaadmin/public/assets/libs/fastadmin-addtabs/jquery.addtabs.js
D:/phpStudy/PHPTutorial/WWW/3yaadmin/public/assets/libs/fastadmin-selectpage/selectpage.js


D:/phpStudy/PHPTutorial/WWW/3yaadmin/public/assets/css/backend.min.css
----------------
D:/phpStudy/PHPTutorial/WWW/3yaadmin/public/assets/css/../css/bootstrap.css
D:/phpStudy/PHPTutorial/WWW/3yaadmin/public/assets/css/../css/fastadmin.css
D:/phpStudy/PHPTutorial/WWW/3yaadmin/public/assets/css/../css/skins/skin-green.css
D:/phpStudy/PHPTutorial/WWW/3yaadmin/public/assets/css/../css/iconfont.css
D:/phpStudy/PHPTutorial/WWW/3yaadmin/public/assets/css/../libs/font-awesome/css/font-awesome.min.css
D:/phpStudy/PHPTutorial/WWW/3yaadmin/public/assets/css/../libs/toastr/toastr.min.css
D:/phpStudy/PHPTutorial/WWW/3yaadmin/public/assets/css/../libs/fastadmin-layer/dist/theme/default/layer.css
D:/phpStudy/PHPTutorial/WWW/3yaadmin/public/assets/css/../libs/bootstrap-table/dist/bootstrap-table.min.css
D:/phpStudy/PHPTutorial/WWW/3yaadmin/public/assets/css/../libs/eonasdan-bootstrap-datetimepicker/build/css/bootstrap-datetimepicker.min.css
D:/phpStudy/PHPTutorial/WWW/3yaadmin/public/assets/css/../libs/bootstrap-daterangepicker/daterangepicker.css
D:/phpStudy/PHPTutorial/WWW/3yaadmin/public/assets/css/../libs/nice-validator/dist/jquery.validator.css
D:/phpStudy/PHPTutorial/WWW/3yaadmin/public/assets/css/../libs/bootstrap-select/dist/css/bootstrap-select.min.css
D:/phpStudy/PHPTutorial/WWW/3yaadmin/public/assets/css/../libs/fastadmin-selectpage/selectpage.css
D:/phpStudy/PHPTutorial/WWW/3yaadmin/public/assets/css/backend.css


Tracing dependencies for: require-frontend

D:/phpStudy/PHPTutorial/WWW/3yaadmin/public/assets/js/require-frontend.min.js
----------------
D:/phpStudy/PHPTutorial/WWW/3yaadmin/public/assets/libs/jquery/dist/jquery.min.js
D:/phpStudy/PHPTutorial/WWW/3yaadmin/public/assets/libs/bootstrap/dist/js/bootstrap.min.js
D:/phpStudy/PHPTutorial/WWW/3yaadmin/public/assets/js/require-frontend.js
D:/phpStudy/PHPTutorial/WWW/3yaadmin/public/assets/js/../libs/require-css/css.min.js
D:/phpStudy/PHPTutorial/WWW/3yaadmin/public/assets/libs/fastadmin-layer/dist/layer.js
D:/phpStudy/PHPTutorial/WWW/3yaadmin/public/assets/libs/toastr/toastr.js
D:/phpStudy/PHPTutorial/WWW/3yaadmin/public/assets/js/fast.js
D:/phpStudy/PHPTutorial/WWW/3yaadmin/public/assets/libs/art-template/dist/template-native.js
D:/phpStudy/PHPTutorial/WWW/3yaadmin/public/assets/js/../libs/moment/moment.js
D:/phpStudy/PHPTutorial/WWW/3yaadmin/public/assets/js/frontend.js
D:/phpStudy/PHPTutorial/WWW/3yaadmin/public/assets/js/frontend-init.js


D:/phpStudy/PHPTutorial/WWW/3yaadmin/public/assets/css/frontend.min.css
----------------
D:/phpStudy/PHPTutorial/WWW/3yaadmin/public/assets/css/../css/bootstrap.css
D:/phpStudy/PHPTutorial/WWW/3yaadmin/public/assets/css/../css/fastadmin.css
D:/phpStudy/PHPTutorial/WWW/3yaadmin/public/assets/css/../css/iconfont.css
D:/phpStudy/PHPTutorial/WWW/3yaadmin/public/assets/css/../libs/font-awesome/css/font-awesome.min.css
D:/phpStudy/PHPTutorial/WWW/3yaadmin/public/assets/css/../libs/toastr/toastr.min.css
D:/phpStudy/PHPTutorial/WWW/3yaadmin/public/assets/css/../libs/fastadmin-layer/dist/theme/default/layer.css
D:/phpStudy/PHPTutorial/WWW/3yaadmin/public/assets/css/../libs/bootstrap-daterangepicker/daterangepicker.css
D:/phpStudy/PHPTutorial/WWW/3yaadmin/public/assets/css/../libs/nice-validator/dist/jquery.validator.css
D:/phpStudy/PHPTutorial/WWW/3yaadmin/public/assets/css/frontend.css


Tracing dependencies for: require-backend

D:/phpStudy/PHPTutorial/WWW/3yaadmin/public/assets/js/require-backend.min.js
----------------
D:/phpStudy/PHPTutorial/WWW/3yaadmin/public/assets/libs/jquery/dist/jquery.min.js
D:/phpStudy/PHPTutorial/WWW/3yaadmin/public/assets/libs/bootstrap/dist/js/bootstrap.min.js
D:/phpStudy/PHPTutorial/WWW/3yaadmin/public/assets/js/require-backend.js
D:/phpStudy/PHPTutorial/WWW/3yaadmin/public/assets/js/../libs/require-css/css.min.js
D:/phpStudy/PHPTutorial/WWW/3yaadmin/public/assets/libs/fastadmin-layer/dist/layer.js
D:/phpStudy/PHPTutorial/WWW/3yaadmin/public/assets/libs/toastr/toastr.js
D:/phpStudy/PHPTutorial/WWW/3yaadmin/public/assets/js/fast.js
D:/phpStudy/PHPTutorial/WWW/3yaadmin/public/assets/libs/art-template/dist/template-native.js
D:/phpStudy/PHPTutorial/WWW/3yaadmin/public/assets/js/../libs/moment/moment.js
D:/phpStudy/PHPTutorial/WWW/3yaadmin/public/assets/js/backend.js
D:/phpStudy/PHPTutorial/WWW/3yaadmin/public/assets/js/backend-init.js
D:/phpStudy/PHPTutorial/WWW/3yaadmin/public/assets/js/../libs/moment/locale/zh-cn.js
D:/phpStudy/PHPTutorial/WWW/3yaadmin/public/assets/libs/bootstrap-table/dist/bootstrap-table.min.js
D:/phpStudy/PHPTutorial/WWW/3yaadmin/public/assets/libs/bootstrap-table/dist/locale/bootstrap-table-zh-CN.js
D:/phpStudy/PHPTutorial/WWW/3yaadmin/public/assets/libs/tableExport.jquery.plugin/tableExport.min.js
D:/phpStudy/PHPTutorial/WWW/3yaadmin/public/assets/libs/bootstrap-table/dist/extensions/export/bootstrap-table-export.min.js
D:/phpStudy/PHPTutorial/WWW/3yaadmin/public/assets/js/../libs/plupload/js/moxie.min.js
D:/phpStudy/PHPTutorial/WWW/3yaadmin/public/assets/libs/plupload/js/plupload.min.js
D:/phpStudy/PHPTutorial/WWW/3yaadmin/public/assets/js/require-upload.js
D:/phpStudy/PHPTutorial/WWW/3yaadmin/public/assets/libs/nice-validator/dist/jquery.validator.js
D:/phpStudy/PHPTutorial/WWW/3yaadmin/public/assets/libs/nice-validator/dist/local/zh-CN.js
D:/phpStudy/PHPTutorial/WWW/3yaadmin/public/assets/js/require-validator.js
D:/phpStudy/PHPTutorial/WWW/3yaadmin/public/assets/js/require-form.js
D:/phpStudy/PHPTutorial/WWW/3yaadmin/public/assets/js/bootstrap-table-commonsearch.js
D:/phpStudy/PHPTutorial/WWW/3yaadmin/public/assets/js/bootstrap-table-template.js
D:/phpStudy/PHPTutorial/WWW/3yaadmin/public/assets/js/bootstrap-table-pagejump.js
D:/phpStudy/PHPTutorial/WWW/3yaadmin/public/assets/js/require-table.js
D:/phpStudy/PHPTutorial/WWW/3yaadmin/public/assets/libs/fastadmin-dragsort/jquery.dragsort.js
D:/phpStudy/PHPTutorial/WWW/3yaadmin/public/assets/js/jquery.drag.min.js
D:/phpStudy/PHPTutorial/WWW/3yaadmin/public/assets/js/jquery.drop.min.js
D:/phpStudy/PHPTutorial/WWW/3yaadmin/public/assets/libs/fastadmin-addtabs/jquery.addtabs.js
D:/phpStudy/PHPTutorial/WWW/3yaadmin/public/assets/libs/fastadmin-selectpage/selectpage.js


D:/phpStudy/PHPTutorial/WWW/3yaadmin/public/assets/css/backend.min.css
----------------
D:/phpStudy/PHPTutorial/WWW/3yaadmin/public/assets/css/../css/bootstrap.css
D:/phpStudy/PHPTutorial/WWW/3yaadmin/public/assets/css/../css/fastadmin.css
D:/phpStudy/PHPTutorial/WWW/3yaadmin/public/assets/css/../css/skins/skin-green.css
D:/phpStudy/PHPTutorial/WWW/3yaadmin/public/assets/css/../css/iconfont.css
D:/phpStudy/PHPTutorial/WWW/3yaadmin/public/assets/css/../libs/font-awesome/css/font-awesome.min.css
D:/phpStudy/PHPTutorial/WWW/3yaadmin/public/assets/css/../libs/toastr/toastr.min.css
D:/phpStudy/PHPTutorial/WWW/3yaadmin/public/assets/css/../libs/fastadmin-layer/dist/theme/default/layer.css
D:/phpStudy/PHPTutorial/WWW/3yaadmin/public/assets/css/../libs/bootstrap-table/dist/bootstrap-table.min.css
D:/phpStudy/PHPTutorial/WWW/3yaadmin/public/assets/css/../libs/eonasdan-bootstrap-datetimepicker/build/css/bootstrap-datetimepicker.min.css
D:/phpStudy/PHPTutorial/WWW/3yaadmin/public/assets/css/../libs/bootstrap-daterangepicker/daterangepicker.css
D:/phpStudy/PHPTutorial/WWW/3yaadmin/public/assets/css/../libs/nice-validator/dist/jquery.validator.css
D:/phpStudy/PHPTutorial/WWW/3yaadmin/public/assets/css/../libs/bootstrap-select/dist/css/bootstrap-select.min.css
D:/phpStudy/PHPTutorial/WWW/3yaadmin/public/assets/css/../libs/fastadmin-selectpage/selectpage.css
D:/phpStudy/PHPTutorial/WWW/3yaadmin/public/assets/css/backend.css


Tracing dependencies for: require-frontend

D:/phpStudy/PHPTutorial/WWW/3yaadmin/public/assets/js/require-frontend.min.js
----------------
D:/phpStudy/PHPTutorial/WWW/3yaadmin/public/assets/libs/jquery/dist/jquery.min.js
D:/phpStudy/PHPTutorial/WWW/3yaadmin/public/assets/libs/bootstrap/dist/js/bootstrap.min.js
D:/phpStudy/PHPTutorial/WWW/3yaadmin/public/assets/js/require-frontend.js
D:/phpStudy/PHPTutorial/WWW/3yaadmin/public/assets/js/../libs/require-css/css.min.js
D:/phpStudy/PHPTutorial/WWW/3yaadmin/public/assets/libs/fastadmin-layer/dist/layer.js
D:/phpStudy/PHPTutorial/WWW/3yaadmin/public/assets/libs/toastr/toastr.js
D:/phpStudy/PHPTutorial/WWW/3yaadmin/public/assets/js/fast.js
D:/phpStudy/PHPTutorial/WWW/3yaadmin/public/assets/libs/art-template/dist/template-native.js
D:/phpStudy/PHPTutorial/WWW/3yaadmin/public/assets/js/../libs/moment/moment.js
D:/phpStudy/PHPTutorial/WWW/3yaadmin/public/assets/js/frontend.js
D:/phpStudy/PHPTutorial/WWW/3yaadmin/public/assets/js/frontend-init.js


D:/phpStudy/PHPTutorial/WWW/3yaadmin/public/assets/css/frontend.min.css
----------------
D:/phpStudy/PHPTutorial/WWW/3yaadmin/public/assets/css/../css/bootstrap.css
D:/phpStudy/PHPTutorial/WWW/3yaadmin/public/assets/css/../css/fastadmin.css
D:/phpStudy/PHPTutorial/WWW/3yaadmin/public/assets/css/../css/iconfont.css
D:/phpStudy/PHPTutorial/WWW/3yaadmin/public/assets/css/../libs/font-awesome/css/font-awesome.min.css
D:/phpStudy/PHPTutorial/WWW/3yaadmin/public/assets/css/../libs/toastr/toastr.min.css
D:/phpStudy/PHPTutorial/WWW/3yaadmin/public/assets/css/../libs/fastadmin-layer/dist/theme/default/layer.css
D:/phpStudy/PHPTutorial/WWW/3yaadmin/public/assets/css/../libs/bootstrap-daterangepicker/daterangepicker.css
D:/phpStudy/PHPTutorial/WWW/3yaadmin/public/assets/css/../libs/nice-validator/dist/jquery.validator.css
D:/phpStudy/PHPTutorial/WWW/3yaadmin/public/assets/css/frontend.css


Tracing dependencies for: require-backend

D:/phpStudy/PHPTutorial/WWW/3yaadmin/public/assets/js/require-backend.min.js
----------------
D:/phpStudy/PHPTutorial/WWW/3yaadmin/public/assets/libs/jquery/dist/jquery.min.js
D:/phpStudy/PHPTutorial/WWW/3yaadmin/public/assets/libs/bootstrap/dist/js/bootstrap.min.js
D:/phpStudy/PHPTutorial/WWW/3yaadmin/public/assets/js/require-backend.js
D:/phpStudy/PHPTutorial/WWW/3yaadmin/public/assets/js/../libs/require-css/css.min.js
D:/phpStudy/PHPTutorial/WWW/3yaadmin/public/assets/libs/fastadmin-layer/dist/layer.js
D:/phpStudy/PHPTutorial/WWW/3yaadmin/public/assets/libs/toastr/toastr.js
D:/phpStudy/PHPTutorial/WWW/3yaadmin/public/assets/js/fast.js
D:/phpStudy/PHPTutorial/WWW/3yaadmin/public/assets/libs/art-template/dist/template-native.js
D:/phpStudy/PHPTutorial/WWW/3yaadmin/public/assets/js/../libs/moment/moment.js
D:/phpStudy/PHPTutorial/WWW/3yaadmin/public/assets/js/backend.js
D:/phpStudy/PHPTutorial/WWW/3yaadmin/public/assets/js/backend-init.js
D:/phpStudy/PHPTutorial/WWW/3yaadmin/public/assets/js/../libs/moment/locale/zh-cn.js
D:/phpStudy/PHPTutorial/WWW/3yaadmin/public/assets/libs/bootstrap-table/dist/bootstrap-table.min.js
D:/phpStudy/PHPTutorial/WWW/3yaadmin/public/assets/libs/bootstrap-table/dist/locale/bootstrap-table-zh-CN.js
D:/phpStudy/PHPTutorial/WWW/3yaadmin/public/assets/libs/tableExport.jquery.plugin/tableExport.min.js
D:/phpStudy/PHPTutorial/WWW/3yaadmin/public/assets/libs/bootstrap-table/dist/extensions/export/bootstrap-table-export.min.js
D:/phpStudy/PHPTutorial/WWW/3yaadmin/public/assets/js/../libs/plupload/js/moxie.min.js
D:/phpStudy/PHPTutorial/WWW/3yaadmin/public/assets/libs/plupload/js/plupload.min.js
D:/phpStudy/PHPTutorial/WWW/3yaadmin/public/assets/js/require-upload.js
D:/phpStudy/PHPTutorial/WWW/3yaadmin/public/assets/libs/nice-validator/dist/jquery.validator.js
D:/phpStudy/PHPTutorial/WWW/3yaadmin/public/assets/libs/nice-validator/dist/local/zh-CN.js
D:/phpStudy/PHPTutorial/WWW/3yaadmin/public/assets/js/require-validator.js
D:/phpStudy/PHPTutorial/WWW/3yaadmin/public/assets/js/require-form.js
D:/phpStudy/PHPTutorial/WWW/3yaadmin/public/assets/js/bootstrap-table-commonsearch.js
D:/phpStudy/PHPTutorial/WWW/3yaadmin/public/assets/js/bootstrap-table-template.js
D:/phpStudy/PHPTutorial/WWW/3yaadmin/public/assets/js/bootstrap-table-pagejump.js
D:/phpStudy/PHPTutorial/WWW/3yaadmin/public/assets/js/require-table.js
D:/phpStudy/PHPTutorial/WWW/3yaadmin/public/assets/libs/fastadmin-dragsort/jquery.dragsort.js
D:/phpStudy/PHPTutorial/WWW/3yaadmin/public/assets/js/jquery.drag.min.js
D:/phpStudy/PHPTutorial/WWW/3yaadmin/public/assets/js/jquery.drop.min.js
D:/phpStudy/PHPTutorial/WWW/3yaadmin/public/assets/libs/fastadmin-addtabs/jquery.addtabs.js
D:/phpStudy/PHPTutorial/WWW/3yaadmin/public/assets/libs/fastadmin-selectpage/selectpage.js


D:/phpStudy/PHPTutorial/WWW/3yaadmin/public/assets/css/backend.min.css
----------------
D:/phpStudy/PHPTutorial/WWW/3yaadmin/public/assets/css/../css/bootstrap.css
D:/phpStudy/PHPTutorial/WWW/3yaadmin/public/assets/css/../css/fastadmin.css
D:/phpStudy/PHPTutorial/WWW/3yaadmin/public/assets/css/../css/skins/skin-green.css
D:/phpStudy/PHPTutorial/WWW/3yaadmin/public/assets/css/../css/iconfont.css
D:/phpStudy/PHPTutorial/WWW/3yaadmin/public/assets/css/../libs/font-awesome/css/font-awesome.min.css
D:/phpStudy/PHPTutorial/WWW/3yaadmin/public/assets/css/../libs/toastr/toastr.min.css
D:/phpStudy/PHPTutorial/WWW/3yaadmin/public/assets/css/../libs/fastadmin-layer/dist/theme/default/layer.css
D:/phpStudy/PHPTutorial/WWW/3yaadmin/public/assets/css/../libs/bootstrap-table/dist/bootstrap-table.min.css
D:/phpStudy/PHPTutorial/WWW/3yaadmin/public/assets/css/../libs/eonasdan-bootstrap-datetimepicker/build/css/bootstrap-datetimepicker.min.css
D:/phpStudy/PHPTutorial/WWW/3yaadmin/public/assets/css/../libs/bootstrap-daterangepicker/daterangepicker.css
D:/phpStudy/PHPTutorial/WWW/3yaadmin/public/assets/css/../libs/nice-validator/dist/jquery.validator.css
D:/phpStudy/PHPTutorial/WWW/3yaadmin/public/assets/css/../libs/bootstrap-select/dist/css/bootstrap-select.min.css
D:/phpStudy/PHPTutorial/WWW/3yaadmin/public/assets/css/../libs/fastadmin-selectpage/selectpage.css
D:/phpStudy/PHPTutorial/WWW/3yaadmin/public/assets/css/backend.css


Tracing dependencies for: require-frontend

D:/phpStudy/PHPTutorial/WWW/3yaadmin/public/assets/js/require-frontend.min.js
----------------
D:/phpStudy/PHPTutorial/WWW/3yaadmin/public/assets/libs/jquery/dist/jquery.min.js
D:/phpStudy/PHPTutorial/WWW/3yaadmin/public/assets/libs/bootstrap/dist/js/bootstrap.min.js
D:/phpStudy/PHPTutorial/WWW/3yaadmin/public/assets/js/require-frontend.js
D:/phpStudy/PHPTutorial/WWW/3yaadmin/public/assets/js/../libs/require-css/css.min.js
D:/phpStudy/PHPTutorial/WWW/3yaadmin/public/assets/libs/fastadmin-layer/dist/layer.js
D:/phpStudy/PHPTutorial/WWW/3yaadmin/public/assets/libs/toastr/toastr.js
D:/phpStudy/PHPTutorial/WWW/3yaadmin/public/assets/js/fast.js
D:/phpStudy/PHPTutorial/WWW/3yaadmin/public/assets/libs/art-template/dist/template-native.js
D:/phpStudy/PHPTutorial/WWW/3yaadmin/public/assets/js/../libs/moment/moment.js
D:/phpStudy/PHPTutorial/WWW/3yaadmin/public/assets/js/frontend.js
D:/phpStudy/PHPTutorial/WWW/3yaadmin/public/assets/js/frontend-init.js


D:/phpStudy/PHPTutorial/WWW/3yaadmin/public/assets/css/frontend.min.css
----------------
D:/phpStudy/PHPTutorial/WWW/3yaadmin/public/assets/css/../css/bootstrap.css
D:/phpStudy/PHPTutorial/WWW/3yaadmin/public/assets/css/../css/fastadmin.css
D:/phpStudy/PHPTutorial/WWW/3yaadmin/public/assets/css/../css/iconfont.css
D:/phpStudy/PHPTutorial/WWW/3yaadmin/public/assets/css/../libs/font-awesome/css/font-awesome.min.css
D:/phpStudy/PHPTutorial/WWW/3yaadmin/public/assets/css/../libs/toastr/toastr.min.css
D:/phpStudy/PHPTutorial/WWW/3yaadmin/public/assets/css/../libs/fastadmin-layer/dist/theme/default/layer.css
D:/phpStudy/PHPTutorial/WWW/3yaadmin/public/assets/css/../libs/bootstrap-daterangepicker/daterangepicker.css
D:/phpStudy/PHPTutorial/WWW/3yaadmin/public/assets/css/../libs/nice-validator/dist/jquery.validator.css
D:/phpStudy/PHPTutorial/WWW/3yaadmin/public/assets/css/frontend.css


Tracing dependencies for: require-backend

D:/phpStudy/PHPTutorial/WWW/3yaadmin/public/assets/js/require-backend.min.js
----------------
D:/phpStudy/PHPTutorial/WWW/3yaadmin/public/assets/libs/jquery/dist/jquery.min.js
D:/phpStudy/PHPTutorial/WWW/3yaadmin/public/assets/libs/bootstrap/dist/js/bootstrap.min.js
D:/phpStudy/PHPTutorial/WWW/3yaadmin/public/assets/js/require-backend.js
D:/phpStudy/PHPTutorial/WWW/3yaadmin/public/assets/js/../libs/require-css/css.min.js
D:/phpStudy/PHPTutorial/WWW/3yaadmin/public/assets/libs/fastadmin-layer/dist/layer.js
D:/phpStudy/PHPTutorial/WWW/3yaadmin/public/assets/libs/toastr/toastr.js
D:/phpStudy/PHPTutorial/WWW/3yaadmin/public/assets/js/fast.js
D:/phpStudy/PHPTutorial/WWW/3yaadmin/public/assets/libs/art-template/dist/template-native.js
D:/phpStudy/PHPTutorial/WWW/3yaadmin/public/assets/js/../libs/moment/moment.js
D:/phpStudy/PHPTutorial/WWW/3yaadmin/public/assets/js/backend.js
D:/phpStudy/PHPTutorial/WWW/3yaadmin/public/assets/js/backend-init.js
D:/phpStudy/PHPTutorial/WWW/3yaadmin/public/assets/js/../libs/moment/locale/zh-cn.js
D:/phpStudy/PHPTutorial/WWW/3yaadmin/public/assets/libs/bootstrap-table/dist/bootstrap-table.min.js
D:/phpStudy/PHPTutorial/WWW/3yaadmin/public/assets/libs/bootstrap-table/dist/locale/bootstrap-table-zh-CN.js
D:/phpStudy/PHPTutorial/WWW/3yaadmin/public/assets/libs/tableExport.jquery.plugin/tableExport.min.js
D:/phpStudy/PHPTutorial/WWW/3yaadmin/public/assets/libs/bootstrap-table/dist/extensions/export/bootstrap-table-export.min.js
D:/phpStudy/PHPTutorial/WWW/3yaadmin/public/assets/js/../libs/plupload/js/moxie.min.js
D:/phpStudy/PHPTutorial/WWW/3yaadmin/public/assets/libs/plupload/js/plupload.min.js
D:/phpStudy/PHPTutorial/WWW/3yaadmin/public/assets/js/require-upload.js
D:/phpStudy/PHPTutorial/WWW/3yaadmin/public/assets/libs/nice-validator/dist/jquery.validator.js
D:/phpStudy/PHPTutorial/WWW/3yaadmin/public/assets/libs/nice-validator/dist/local/zh-CN.js
D:/phpStudy/PHPTutorial/WWW/3yaadmin/public/assets/js/require-validator.js
D:/phpStudy/PHPTutorial/WWW/3yaadmin/public/assets/js/require-form.js
D:/phpStudy/PHPTutorial/WWW/3yaadmin/public/assets/js/bootstrap-table-commonsearch.js
D:/phpStudy/PHPTutorial/WWW/3yaadmin/public/assets/js/bootstrap-table-template.js
D:/phpStudy/PHPTutorial/WWW/3yaadmin/public/assets/js/bootstrap-table-pagejump.js
D:/phpStudy/PHPTutorial/WWW/3yaadmin/public/assets/js/require-table.js
D:/phpStudy/PHPTutorial/WWW/3yaadmin/public/assets/libs/fastadmin-dragsort/jquery.dragsort.js
D:/phpStudy/PHPTutorial/WWW/3yaadmin/public/assets/js/jquery.drag.min.js
D:/phpStudy/PHPTutorial/WWW/3yaadmin/public/assets/js/jquery.drop.min.js
D:/phpStudy/PHPTutorial/WWW/3yaadmin/public/assets/libs/fastadmin-addtabs/jquery.addtabs.js
D:/phpStudy/PHPTutorial/WWW/3yaadmin/public/assets/libs/fastadmin-selectpage/selectpage.js


D:/phpStudy/PHPTutorial/WWW/3yaadmin/public/assets/css/backend.min.css
----------------
D:/phpStudy/PHPTutorial/WWW/3yaadmin/public/assets/css/../css/bootstrap.css
D:/phpStudy/PHPTutorial/WWW/3yaadmin/public/assets/css/../css/fastadmin.css
D:/phpStudy/PHPTutorial/WWW/3yaadmin/public/assets/css/../css/skins/skin-green.css
D:/phpStudy/PHPTutorial/WWW/3yaadmin/public/assets/css/../css/iconfont.css
D:/phpStudy/PHPTutorial/WWW/3yaadmin/public/assets/css/../libs/font-awesome/css/font-awesome.min.css
D:/phpStudy/PHPTutorial/WWW/3yaadmin/public/assets/css/../libs/toastr/toastr.min.css
D:/phpStudy/PHPTutorial/WWW/3yaadmin/public/assets/css/../libs/fastadmin-layer/dist/theme/default/layer.css
D:/phpStudy/PHPTutorial/WWW/3yaadmin/public/assets/css/../libs/bootstrap-table/dist/bootstrap-table.min.css
D:/phpStudy/PHPTutorial/WWW/3yaadmin/public/assets/css/../libs/eonasdan-bootstrap-datetimepicker/build/css/bootstrap-datetimepicker.min.css
D:/phpStudy/PHPTutorial/WWW/3yaadmin/public/assets/css/../libs/bootstrap-daterangepicker/daterangepicker.css
D:/phpStudy/PHPTutorial/WWW/3yaadmin/public/assets/css/../libs/nice-validator/dist/jquery.validator.css
D:/phpStudy/PHPTutorial/WWW/3yaadmin/public/assets/css/../libs/bootstrap-select/dist/css/bootstrap-select.min.css
D:/phpStudy/PHPTutorial/WWW/3yaadmin/public/assets/css/../libs/fastadmin-selectpage/selectpage.css
D:/phpStudy/PHPTutorial/WWW/3yaadmin/public/assets/css/backend.css


Tracing dependencies for: require-frontend

D:/phpStudy/PHPTutorial/WWW/3yaadmin/public/assets/js/require-frontend.min.js
----------------
D:/phpStudy/PHPTutorial/WWW/3yaadmin/public/assets/libs/jquery/dist/jquery.min.js
D:/phpStudy/PHPTutorial/WWW/3yaadmin/public/assets/libs/bootstrap/dist/js/bootstrap.min.js
D:/phpStudy/PHPTutorial/WWW/3yaadmin/public/assets/js/require-frontend.js
D:/phpStudy/PHPTutorial/WWW/3yaadmin/public/assets/js/../libs/require-css/css.min.js
D:/phpStudy/PHPTutorial/WWW/3yaadmin/public/assets/libs/fastadmin-layer/dist/layer.js
D:/phpStudy/PHPTutorial/WWW/3yaadmin/public/assets/libs/toastr/toastr.js
D:/phpStudy/PHPTutorial/WWW/3yaadmin/public/assets/js/fast.js
D:/phpStudy/PHPTutorial/WWW/3yaadmin/public/assets/libs/art-template/dist/template-native.js
D:/phpStudy/PHPTutorial/WWW/3yaadmin/public/assets/js/../libs/moment/moment.js
D:/phpStudy/PHPTutorial/WWW/3yaadmin/public/assets/js/frontend.js
D:/phpStudy/PHPTutorial/WWW/3yaadmin/public/assets/js/frontend-init.js


D:/phpStudy/PHPTutorial/WWW/3yaadmin/public/assets/css/frontend.min.css
----------------
D:/phpStudy/PHPTutorial/WWW/3yaadmin/public/assets/css/../css/bootstrap.css
D:/phpStudy/PHPTutorial/WWW/3yaadmin/public/assets/css/../css/fastadmin.css
D:/phpStudy/PHPTutorial/WWW/3yaadmin/public/assets/css/../css/iconfont.css
D:/phpStudy/PHPTutorial/WWW/3yaadmin/public/assets/css/../libs/font-awesome/css/font-awesome.min.css
D:/phpStudy/PHPTutorial/WWW/3yaadmin/public/assets/css/../libs/toastr/toastr.min.css
D:/phpStudy/PHPTutorial/WWW/3yaadmin/public/assets/css/../libs/fastadmin-layer/dist/theme/default/layer.css
D:/phpStudy/PHPTutorial/WWW/3yaadmin/public/assets/css/../libs/bootstrap-daterangepicker/daterangepicker.css
D:/phpStudy/PHPTutorial/WWW/3yaadmin/public/assets/css/../libs/nice-validator/dist/jquery.validator.css
D:/phpStudy/PHPTutorial/WWW/3yaadmin/public/assets/css/frontend.css


Tracing dependencies for: require-backend

D:/phpStudy/PHPTutorial/WWW/3yaadmin/public/assets/js/require-backend.min.js
----------------
D:/phpStudy/PHPTutorial/WWW/3yaadmin/public/assets/libs/jquery/dist/jquery.min.js
D:/phpStudy/PHPTutorial/WWW/3yaadmin/public/assets/libs/bootstrap/dist/js/bootstrap.min.js
D:/phpStudy/PHPTutorial/WWW/3yaadmin/public/assets/js/require-backend.js
D:/phpStudy/PHPTutorial/WWW/3yaadmin/public/assets/js/../libs/require-css/css.min.js
D:/phpStudy/PHPTutorial/WWW/3yaadmin/public/assets/libs/fastadmin-layer/dist/layer.js
D:/phpStudy/PHPTutorial/WWW/3yaadmin/public/assets/libs/toastr/toastr.js
D:/phpStudy/PHPTutorial/WWW/3yaadmin/public/assets/js/fast.js
D:/phpStudy/PHPTutorial/WWW/3yaadmin/public/assets/libs/art-template/dist/template-native.js
D:/phpStudy/PHPTutorial/WWW/3yaadmin/public/assets/js/../libs/moment/moment.js
D:/phpStudy/PHPTutorial/WWW/3yaadmin/public/assets/js/backend.js
D:/phpStudy/PHPTutorial/WWW/3yaadmin/public/assets/js/backend-init.js
D:/phpStudy/PHPTutorial/WWW/3yaadmin/public/assets/js/../libs/moment/locale/zh-cn.js
D:/phpStudy/PHPTutorial/WWW/3yaadmin/public/assets/libs/bootstrap-table/dist/bootstrap-table.min.js
D:/phpStudy/PHPTutorial/WWW/3yaadmin/public/assets/libs/bootstrap-table/dist/locale/bootstrap-table-zh-CN.js
D:/phpStudy/PHPTutorial/WWW/3yaadmin/public/assets/libs/tableExport.jquery.plugin/tableExport.min.js
D:/phpStudy/PHPTutorial/WWW/3yaadmin/public/assets/libs/bootstrap-table/dist/extensions/export/bootstrap-table-export.min.js
D:/phpStudy/PHPTutorial/WWW/3yaadmin/public/assets/js/../libs/plupload/js/moxie.min.js
D:/phpStudy/PHPTutorial/WWW/3yaadmin/public/assets/libs/plupload/js/plupload.min.js
D:/phpStudy/PHPTutorial/WWW/3yaadmin/public/assets/js/require-upload.js
D:/phpStudy/PHPTutorial/WWW/3yaadmin/public/assets/libs/nice-validator/dist/jquery.validator.js
D:/phpStudy/PHPTutorial/WWW/3yaadmin/public/assets/libs/nice-validator/dist/local/zh-CN.js
D:/phpStudy/PHPTutorial/WWW/3yaadmin/public/assets/js/require-validator.js
D:/phpStudy/PHPTutorial/WWW/3yaadmin/public/assets/js/require-form.js
D:/phpStudy/PHPTutorial/WWW/3yaadmin/public/assets/js/bootstrap-table-commonsearch.js
D:/phpStudy/PHPTutorial/WWW/3yaadmin/public/assets/js/bootstrap-table-template.js
D:/phpStudy/PHPTutorial/WWW/3yaadmin/public/assets/js/bootstrap-table-pagejump.js
D:/phpStudy/PHPTutorial/WWW/3yaadmin/public/assets/js/require-table.js
D:/phpStudy/PHPTutorial/WWW/3yaadmin/public/assets/libs/fastadmin-dragsort/jquery.dragsort.js
D:/phpStudy/PHPTutorial/WWW/3yaadmin/public/assets/js/jquery.drag.min.js
D:/phpStudy/PHPTutorial/WWW/3yaadmin/public/assets/js/jquery.drop.min.js
D:/phpStudy/PHPTutorial/WWW/3yaadmin/public/assets/libs/fastadmin-addtabs/jquery.addtabs.js
D:/phpStudy/PHPTutorial/WWW/3yaadmin/public/assets/libs/fastadmin-selectpage/selectpage.js


D:/phpStudy/PHPTutorial/WWW/3yaadmin/public/assets/css/backend.min.css
----------------
D:/phpStudy/PHPTutorial/WWW/3yaadmin/public/assets/css/../css/bootstrap.css
D:/phpStudy/PHPTutorial/WWW/3yaadmin/public/assets/css/../css/fastadmin.css
D:/phpStudy/PHPTutorial/WWW/3yaadmin/public/assets/css/../css/skins/skin-green.css
D:/phpStudy/PHPTutorial/WWW/3yaadmin/public/assets/css/../css/iconfont.css
D:/phpStudy/PHPTutorial/WWW/3yaadmin/public/assets/css/../libs/font-awesome/css/font-awesome.min.css
D:/phpStudy/PHPTutorial/WWW/3yaadmin/public/assets/css/../libs/toastr/toastr.min.css
D:/phpStudy/PHPTutorial/WWW/3yaadmin/public/assets/css/../libs/fastadmin-layer/dist/theme/default/layer.css
D:/phpStudy/PHPTutorial/WWW/3yaadmin/public/assets/css/../libs/bootstrap-table/dist/bootstrap-table.min.css
D:/phpStudy/PHPTutorial/WWW/3yaadmin/public/assets/css/../libs/eonasdan-bootstrap-datetimepicker/build/css/bootstrap-datetimepicker.min.css
D:/phpStudy/PHPTutorial/WWW/3yaadmin/public/assets/css/../libs/bootstrap-daterangepicker/daterangepicker.css
D:/phpStudy/PHPTutorial/WWW/3yaadmin/public/assets/css/../libs/nice-validator/dist/jquery.validator.css
D:/phpStudy/PHPTutorial/WWW/3yaadmin/public/assets/css/../libs/bootstrap-select/dist/css/bootstrap-select.min.css
D:/phpStudy/PHPTutorial/WWW/3yaadmin/public/assets/css/../libs/fastadmin-selectpage/selectpage.css
D:/phpStudy/PHPTutorial/WWW/3yaadmin/public/assets/css/backend.css


Tracing dependencies for: require-frontend

D:/phpStudy/PHPTutorial/WWW/3yaadmin/public/assets/js/require-frontend.min.js
----------------
D:/phpStudy/PHPTutorial/WWW/3yaadmin/public/assets/libs/jquery/dist/jquery.min.js
D:/phpStudy/PHPTutorial/WWW/3yaadmin/public/assets/libs/bootstrap/dist/js/bootstrap.min.js
D:/phpStudy/PHPTutorial/WWW/3yaadmin/public/assets/js/require-frontend.js
D:/phpStudy/PHPTutorial/WWW/3yaadmin/public/assets/js/../libs/require-css/css.min.js
D:/phpStudy/PHPTutorial/WWW/3yaadmin/public/assets/libs/fastadmin-layer/dist/layer.js
D:/phpStudy/PHPTutorial/WWW/3yaadmin/public/assets/libs/toastr/toastr.js
D:/phpStudy/PHPTutorial/WWW/3yaadmin/public/assets/js/fast.js
D:/phpStudy/PHPTutorial/WWW/3yaadmin/public/assets/libs/art-template/dist/template-native.js
D:/phpStudy/PHPTutorial/WWW/3yaadmin/public/assets/js/../libs/moment/moment.js
D:/phpStudy/PHPTutorial/WWW/3yaadmin/public/assets/js/frontend.js
D:/phpStudy/PHPTutorial/WWW/3yaadmin/public/assets/js/frontend-init.js


D:/phpStudy/PHPTutorial/WWW/3yaadmin/public/assets/css/frontend.min.css
----------------
D:/phpStudy/PHPTutorial/WWW/3yaadmin/public/assets/css/../css/bootstrap.css
D:/phpStudy/PHPTutorial/WWW/3yaadmin/public/assets/css/../css/fastadmin.css
D:/phpStudy/PHPTutorial/WWW/3yaadmin/public/assets/css/../css/iconfont.css
D:/phpStudy/PHPTutorial/WWW/3yaadmin/public/assets/css/../libs/font-awesome/css/font-awesome.min.css
D:/phpStudy/PHPTutorial/WWW/3yaadmin/public/assets/css/../libs/toastr/toastr.min.css
D:/phpStudy/PHPTutorial/WWW/3yaadmin/public/assets/css/../libs/fastadmin-layer/dist/theme/default/layer.css
D:/phpStudy/PHPTutorial/WWW/3yaadmin/public/assets/css/../libs/bootstrap-daterangepicker/daterangepicker.css
D:/phpStudy/PHPTutorial/WWW/3yaadmin/public/assets/css/../libs/nice-validator/dist/jquery.validator.css
D:/phpStudy/PHPTutorial/WWW/3yaadmin/public/assets/css/frontend.css


Tracing dependencies for: require-backend

D:/phpStudy/PHPTutorial/WWW/3yaadmin/public/assets/js/require-backend.min.js
----------------
D:/phpStudy/PHPTutorial/WWW/3yaadmin/public/assets/libs/jquery/dist/jquery.min.js
D:/phpStudy/PHPTutorial/WWW/3yaadmin/public/assets/libs/bootstrap/dist/js/bootstrap.min.js
D:/phpStudy/PHPTutorial/WWW/3yaadmin/public/assets/js/require-backend.js
D:/phpStudy/PHPTutorial/WWW/3yaadmin/public/assets/js/../libs/require-css/css.min.js
D:/phpStudy/PHPTutorial/WWW/3yaadmin/public/assets/libs/fastadmin-layer/dist/layer.js
D:/phpStudy/PHPTutorial/WWW/3yaadmin/public/assets/libs/toastr/toastr.js
D:/phpStudy/PHPTutorial/WWW/3yaadmin/public/assets/js/fast.js
D:/phpStudy/PHPTutorial/WWW/3yaadmin/public/assets/libs/art-template/dist/template-native.js
D:/phpStudy/PHPTutorial/WWW/3yaadmin/public/assets/js/../libs/moment/moment.js
D:/phpStudy/PHPTutorial/WWW/3yaadmin/public/assets/js/backend.js
D:/phpStudy/PHPTutorial/WWW/3yaadmin/public/assets/js/backend-init.js
D:/phpStudy/PHPTutorial/WWW/3yaadmin/public/assets/js/../libs/moment/locale/zh-cn.js
D:/phpStudy/PHPTutorial/WWW/3yaadmin/public/assets/libs/bootstrap-table/dist/bootstrap-table.min.js
D:/phpStudy/PHPTutorial/WWW/3yaadmin/public/assets/libs/bootstrap-table/dist/locale/bootstrap-table-zh-CN.js
D:/phpStudy/PHPTutorial/WWW/3yaadmin/public/assets/libs/tableExport.jquery.plugin/tableExport.min.js
D:/phpStudy/PHPTutorial/WWW/3yaadmin/public/assets/libs/bootstrap-table/dist/extensions/export/bootstrap-table-export.min.js
D:/phpStudy/PHPTutorial/WWW/3yaadmin/public/assets/js/../libs/plupload/js/moxie.min.js
D:/phpStudy/PHPTutorial/WWW/3yaadmin/public/assets/libs/plupload/js/plupload.min.js
D:/phpStudy/PHPTutorial/WWW/3yaadmin/public/assets/js/require-upload.js
D:/phpStudy/PHPTutorial/WWW/3yaadmin/public/assets/libs/nice-validator/dist/jquery.validator.js
D:/phpStudy/PHPTutorial/WWW/3yaadmin/public/assets/libs/nice-validator/dist/local/zh-CN.js
D:/phpStudy/PHPTutorial/WWW/3yaadmin/public/assets/js/require-validator.js
D:/phpStudy/PHPTutorial/WWW/3yaadmin/public/assets/js/require-form.js
D:/phpStudy/PHPTutorial/WWW/3yaadmin/public/assets/js/bootstrap-table-commonsearch.js
D:/phpStudy/PHPTutorial/WWW/3yaadmin/public/assets/js/bootstrap-table-template.js
D:/phpStudy/PHPTutorial/WWW/3yaadmin/public/assets/js/bootstrap-table-pagejump.js
D:/phpStudy/PHPTutorial/WWW/3yaadmin/public/assets/js/require-table.js
D:/phpStudy/PHPTutorial/WWW/3yaadmin/public/assets/libs/fastadmin-dragsort/jquery.dragsort.js
D:/phpStudy/PHPTutorial/WWW/3yaadmin/public/assets/js/jquery.drag.min.js
D:/phpStudy/PHPTutorial/WWW/3yaadmin/public/assets/js/jquery.drop.min.js
D:/phpStudy/PHPTutorial/WWW/3yaadmin/public/assets/libs/fastadmin-addtabs/jquery.addtabs.js
D:/phpStudy/PHPTutorial/WWW/3yaadmin/public/assets/libs/fastadmin-selectpage/selectpage.js


D:/phpStudy/PHPTutorial/WWW/3yaadmin/public/assets/css/backend.min.css
----------------
D:/phpStudy/PHPTutorial/WWW/3yaadmin/public/assets/css/../css/bootstrap.css
D:/phpStudy/PHPTutorial/WWW/3yaadmin/public/assets/css/../css/fastadmin.css
D:/phpStudy/PHPTutorial/WWW/3yaadmin/public/assets/css/../css/skins/skin-green.css
D:/phpStudy/PHPTutorial/WWW/3yaadmin/public/assets/css/../css/iconfont.css
D:/phpStudy/PHPTutorial/WWW/3yaadmin/public/assets/css/../libs/font-awesome/css/font-awesome.min.css
D:/phpStudy/PHPTutorial/WWW/3yaadmin/public/assets/css/../libs/toastr/toastr.min.css
D:/phpStudy/PHPTutorial/WWW/3yaadmin/public/assets/css/../libs/fastadmin-layer/dist/theme/default/layer.css
D:/phpStudy/PHPTutorial/WWW/3yaadmin/public/assets/css/../libs/bootstrap-table/dist/bootstrap-table.min.css
D:/phpStudy/PHPTutorial/WWW/3yaadmin/public/assets/css/../libs/eonasdan-bootstrap-datetimepicker/build/css/bootstrap-datetimepicker.min.css
D:/phpStudy/PHPTutorial/WWW/3yaadmin/public/assets/css/../libs/bootstrap-daterangepicker/daterangepicker.css
D:/phpStudy/PHPTutorial/WWW/3yaadmin/public/assets/css/../libs/nice-validator/dist/jquery.validator.css
D:/phpStudy/PHPTutorial/WWW/3yaadmin/public/assets/css/../libs/bootstrap-select/dist/css/bootstrap-select.min.css
D:/phpStudy/PHPTutorial/WWW/3yaadmin/public/assets/css/../libs/fastadmin-selectpage/selectpage.css
D:/phpStudy/PHPTutorial/WWW/3yaadmin/public/assets/css/backend.css


Tracing dependencies for: require-frontend

D:/phpStudy/PHPTutorial/WWW/3yayue/public/assets/js/require-frontend.min.js
----------------
D:/phpStudy/PHPTutorial/WWW/3yayue/public/assets/libs/jquery/dist/jquery.min.js
D:/phpStudy/PHPTutorial/WWW/3yayue/public/assets/libs/bootstrap/dist/js/bootstrap.min.js
D:/phpStudy/PHPTutorial/WWW/3yayue/public/assets/js/require-frontend.js
D:/phpStudy/PHPTutorial/WWW/3yayue/public/assets/js/../libs/require-css/css.min.js
D:/phpStudy/PHPTutorial/WWW/3yayue/public/assets/libs/fastadmin-layer/dist/layer.js
D:/phpStudy/PHPTutorial/WWW/3yayue/public/assets/libs/toastr/toastr.js
D:/phpStudy/PHPTutorial/WWW/3yayue/public/assets/js/fast.js
D:/phpStudy/PHPTutorial/WWW/3yayue/public/assets/libs/art-template/dist/template-native.js
D:/phpStudy/PHPTutorial/WWW/3yayue/public/assets/js/../libs/moment/moment.js
D:/phpStudy/PHPTutorial/WWW/3yayue/public/assets/js/frontend.js
D:/phpStudy/PHPTutorial/WWW/3yayue/public/assets/js/frontend-init.js


D:/phpStudy/PHPTutorial/WWW/3yayue/public/assets/css/frontend.min.css
----------------
D:/phpStudy/PHPTutorial/WWW/3yayue/public/assets/css/../css/bootstrap.css
D:/phpStudy/PHPTutorial/WWW/3yayue/public/assets/css/../css/fastadmin.css
D:/phpStudy/PHPTutorial/WWW/3yayue/public/assets/css/../css/iconfont.css
D:/phpStudy/PHPTutorial/WWW/3yayue/public/assets/css/../libs/font-awesome/css/font-awesome.min.css
D:/phpStudy/PHPTutorial/WWW/3yayue/public/assets/css/../libs/toastr/toastr.min.css
D:/phpStudy/PHPTutorial/WWW/3yayue/public/assets/css/../libs/fastadmin-layer/dist/theme/default/layer.css
D:/phpStudy/PHPTutorial/WWW/3yayue/public/assets/css/../libs/bootstrap-daterangepicker/daterangepicker.css
D:/phpStudy/PHPTutorial/WWW/3yayue/public/assets/css/../libs/nice-validator/dist/jquery.validator.css
D:/phpStudy/PHPTutorial/WWW/3yayue/public/assets/css/frontend.css


Tracing dependencies for: require-backend

D:/phpStudy/PHPTutorial/WWW/3yayue/public/assets/js/require-backend.min.js
----------------
D:/phpStudy/PHPTutorial/WWW/3yayue/public/assets/libs/jquery/dist/jquery.min.js
D:/phpStudy/PHPTutorial/WWW/3yayue/public/assets/libs/bootstrap/dist/js/bootstrap.min.js
D:/phpStudy/PHPTutorial/WWW/3yayue/public/assets/js/require-backend.js
D:/phpStudy/PHPTutorial/WWW/3yayue/public/assets/js/../libs/require-css/css.min.js
D:/phpStudy/PHPTutorial/WWW/3yayue/public/assets/libs/fastadmin-layer/dist/layer.js
D:/phpStudy/PHPTutorial/WWW/3yayue/public/assets/libs/toastr/toastr.js
D:/phpStudy/PHPTutorial/WWW/3yayue/public/assets/js/fast.js
D:/phpStudy/PHPTutorial/WWW/3yayue/public/assets/libs/art-template/dist/template-native.js
D:/phpStudy/PHPTutorial/WWW/3yayue/public/assets/js/../libs/moment/moment.js
D:/phpStudy/PHPTutorial/WWW/3yayue/public/assets/js/backend.js
D:/phpStudy/PHPTutorial/WWW/3yayue/public/assets/js/backend-init.js
D:/phpStudy/PHPTutorial/WWW/3yayue/public/assets/js/../libs/moment/locale/zh-cn.js
D:/phpStudy/PHPTutorial/WWW/3yayue/public/assets/libs/bootstrap-table/dist/bootstrap-table.min.js
D:/phpStudy/PHPTutorial/WWW/3yayue/public/assets/libs/bootstrap-table/dist/locale/bootstrap-table-zh-CN.js
D:/phpStudy/PHPTutorial/WWW/3yayue/public/assets/libs/tableExport.jquery.plugin/tableExport.min.js
D:/phpStudy/PHPTutorial/WWW/3yayue/public/assets/libs/bootstrap-table/dist/extensions/export/bootstrap-table-export.min.js
D:/phpStudy/PHPTutorial/WWW/3yayue/public/assets/js/../libs/plupload/js/moxie.min.js
D:/phpStudy/PHPTutorial/WWW/3yayue/public/assets/libs/plupload/js/plupload.min.js
D:/phpStudy/PHPTutorial/WWW/3yayue/public/assets/js/require-upload.js
D:/phpStudy/PHPTutorial/WWW/3yayue/public/assets/libs/nice-validator/dist/jquery.validator.js
D:/phpStudy/PHPTutorial/WWW/3yayue/public/assets/libs/nice-validator/dist/local/zh-CN.js
D:/phpStudy/PHPTutorial/WWW/3yayue/public/assets/js/require-validator.js
D:/phpStudy/PHPTutorial/WWW/3yayue/public/assets/js/require-form.js
D:/phpStudy/PHPTutorial/WWW/3yayue/public/assets/js/bootstrap-table-commonsearch.js
D:/phpStudy/PHPTutorial/WWW/3yayue/public/assets/js/bootstrap-table-template.js
D:/phpStudy/PHPTutorial/WWW/3yayue/public/assets/js/bootstrap-table-pagejump.js
D:/phpStudy/PHPTutorial/WWW/3yayue/public/assets/js/require-table.js
D:/phpStudy/PHPTutorial/WWW/3yayue/public/assets/libs/fastadmin-dragsort/jquery.dragsort.js
D:/phpStudy/PHPTutorial/WWW/3yayue/public/assets/js/jquery.drag.min.js
D:/phpStudy/PHPTutorial/WWW/3yayue/public/assets/js/jquery.drop.min.js
D:/phpStudy/PHPTutorial/WWW/3yayue/public/assets/libs/fastadmin-addtabs/jquery.addtabs.js
D:/phpStudy/PHPTutorial/WWW/3yayue/public/assets/libs/fastadmin-selectpage/selectpage.js


D:/phpStudy/PHPTutorial/WWW/3yayue/public/assets/css/backend.min.css
----------------
D:/phpStudy/PHPTutorial/WWW/3yayue/public/assets/css/../css/bootstrap.css
D:/phpStudy/PHPTutorial/WWW/3yayue/public/assets/css/../css/fastadmin.css
D:/phpStudy/PHPTutorial/WWW/3yayue/public/assets/css/../css/skins/skin-green.css
D:/phpStudy/PHPTutorial/WWW/3yayue/public/assets/css/../css/iconfont.css
D:/phpStudy/PHPTutorial/WWW/3yayue/public/assets/css/../libs/font-awesome/css/font-awesome.min.css
D:/phpStudy/PHPTutorial/WWW/3yayue/public/assets/css/../libs/toastr/toastr.min.css
D:/phpStudy/PHPTutorial/WWW/3yayue/public/assets/css/../libs/fastadmin-layer/dist/theme/default/layer.css
D:/phpStudy/PHPTutorial/WWW/3yayue/public/assets/css/../libs/bootstrap-table/dist/bootstrap-table.min.css
D:/phpStudy/PHPTutorial/WWW/3yayue/public/assets/css/../libs/eonasdan-bootstrap-datetimepicker/build/css/bootstrap-datetimepicker.min.css
D:/phpStudy/PHPTutorial/WWW/3yayue/public/assets/css/../libs/bootstrap-daterangepicker/daterangepicker.css
D:/phpStudy/PHPTutorial/WWW/3yayue/public/assets/css/../libs/nice-validator/dist/jquery.validator.css
D:/phpStudy/PHPTutorial/WWW/3yayue/public/assets/css/../libs/bootstrap-select/dist/css/bootstrap-select.min.css
D:/phpStudy/PHPTutorial/WWW/3yayue/public/assets/css/../libs/fastadmin-selectpage/selectpage.css
D:/phpStudy/PHPTutorial/WWW/3yayue/public/assets/css/backend.css


Tracing dependencies for: require-frontend

D:/phpStudy/PHPTutorial/WWW/3yayue/public/assets/js/require-frontend.min.js
----------------
D:/phpStudy/PHPTutorial/WWW/3yayue/public/assets/libs/jquery/dist/jquery.min.js
D:/phpStudy/PHPTutorial/WWW/3yayue/public/assets/libs/bootstrap/dist/js/bootstrap.min.js
D:/phpStudy/PHPTutorial/WWW/3yayue/public/assets/js/require-frontend.js
D:/phpStudy/PHPTutorial/WWW/3yayue/public/assets/js/../libs/require-css/css.min.js
D:/phpStudy/PHPTutorial/WWW/3yayue/public/assets/libs/fastadmin-layer/dist/layer.js
D:/phpStudy/PHPTutorial/WWW/3yayue/public/assets/libs/toastr/toastr.js
D:/phpStudy/PHPTutorial/WWW/3yayue/public/assets/js/fast.js
D:/phpStudy/PHPTutorial/WWW/3yayue/public/assets/libs/art-template/dist/template-native.js
D:/phpStudy/PHPTutorial/WWW/3yayue/public/assets/js/../libs/moment/moment.js
D:/phpStudy/PHPTutorial/WWW/3yayue/public/assets/js/frontend.js
D:/phpStudy/PHPTutorial/WWW/3yayue/public/assets/js/frontend-init.js


D:/phpStudy/PHPTutorial/WWW/3yayue/public/assets/css/frontend.min.css
----------------
D:/phpStudy/PHPTutorial/WWW/3yayue/public/assets/css/../css/bootstrap.css
D:/phpStudy/PHPTutorial/WWW/3yayue/public/assets/css/../css/fastadmin.css
D:/phpStudy/PHPTutorial/WWW/3yayue/public/assets/css/../css/iconfont.css
D:/phpStudy/PHPTutorial/WWW/3yayue/public/assets/css/../libs/font-awesome/css/font-awesome.min.css
D:/phpStudy/PHPTutorial/WWW/3yayue/public/assets/css/../libs/toastr/toastr.min.css
D:/phpStudy/PHPTutorial/WWW/3yayue/public/assets/css/../libs/fastadmin-layer/dist/theme/default/layer.css
D:/phpStudy/PHPTutorial/WWW/3yayue/public/assets/css/../libs/bootstrap-daterangepicker/daterangepicker.css
D:/phpStudy/PHPTutorial/WWW/3yayue/public/assets/css/../libs/nice-validator/dist/jquery.validator.css
D:/phpStudy/PHPTutorial/WWW/3yayue/public/assets/css/frontend.css


Tracing dependencies for: require-backend

D:/phpStudy/PHPTutorial/WWW/3yayue/public/assets/js/require-backend.min.js
----------------
D:/phpStudy/PHPTutorial/WWW/3yayue/public/assets/libs/jquery/dist/jquery.min.js
D:/phpStudy/PHPTutorial/WWW/3yayue/public/assets/libs/bootstrap/dist/js/bootstrap.min.js
D:/phpStudy/PHPTutorial/WWW/3yayue/public/assets/js/require-backend.js
D:/phpStudy/PHPTutorial/WWW/3yayue/public/assets/js/../libs/require-css/css.min.js
D:/phpStudy/PHPTutorial/WWW/3yayue/public/assets/libs/fastadmin-layer/dist/layer.js
D:/phpStudy/PHPTutorial/WWW/3yayue/public/assets/libs/toastr/toastr.js
D:/phpStudy/PHPTutorial/WWW/3yayue/public/assets/js/fast.js
D:/phpStudy/PHPTutorial/WWW/3yayue/public/assets/libs/art-template/dist/template-native.js
D:/phpStudy/PHPTutorial/WWW/3yayue/public/assets/js/../libs/moment/moment.js
D:/phpStudy/PHPTutorial/WWW/3yayue/public/assets/js/backend.js
D:/phpStudy/PHPTutorial/WWW/3yayue/public/assets/js/backend-init.js
D:/phpStudy/PHPTutorial/WWW/3yayue/public/assets/js/../libs/moment/locale/zh-cn.js
D:/phpStudy/PHPTutorial/WWW/3yayue/public/assets/libs/bootstrap-table/dist/bootstrap-table.min.js
D:/phpStudy/PHPTutorial/WWW/3yayue/public/assets/libs/bootstrap-table/dist/locale/bootstrap-table-zh-CN.js
D:/phpStudy/PHPTutorial/WWW/3yayue/public/assets/libs/tableExport.jquery.plugin/tableExport.min.js
D:/phpStudy/PHPTutorial/WWW/3yayue/public/assets/libs/bootstrap-table/dist/extensions/export/bootstrap-table-export.min.js
D:/phpStudy/PHPTutorial/WWW/3yayue/public/assets/js/../libs/plupload/js/moxie.min.js
D:/phpStudy/PHPTutorial/WWW/3yayue/public/assets/libs/plupload/js/plupload.min.js
D:/phpStudy/PHPTutorial/WWW/3yayue/public/assets/js/require-upload.js
D:/phpStudy/PHPTutorial/WWW/3yayue/public/assets/libs/nice-validator/dist/jquery.validator.js
D:/phpStudy/PHPTutorial/WWW/3yayue/public/assets/libs/nice-validator/dist/local/zh-CN.js
D:/phpStudy/PHPTutorial/WWW/3yayue/public/assets/js/require-validator.js
D:/phpStudy/PHPTutorial/WWW/3yayue/public/assets/js/require-form.js
D:/phpStudy/PHPTutorial/WWW/3yayue/public/assets/js/bootstrap-table-commonsearch.js
D:/phpStudy/PHPTutorial/WWW/3yayue/public/assets/js/bootstrap-table-template.js
D:/phpStudy/PHPTutorial/WWW/3yayue/public/assets/js/bootstrap-table-pagejump.js
D:/phpStudy/PHPTutorial/WWW/3yayue/public/assets/js/require-table.js
D:/phpStudy/PHPTutorial/WWW/3yayue/public/assets/libs/fastadmin-dragsort/jquery.dragsort.js
D:/phpStudy/PHPTutorial/WWW/3yayue/public/assets/js/jquery.drag.min.js
D:/phpStudy/PHPTutorial/WWW/3yayue/public/assets/js/jquery.drop.min.js
D:/phpStudy/PHPTutorial/WWW/3yayue/public/assets/libs/fastadmin-addtabs/jquery.addtabs.js
D:/phpStudy/PHPTutorial/WWW/3yayue/public/assets/libs/fastadmin-selectpage/selectpage.js


D:/phpStudy/PHPTutorial/WWW/3yayue/public/assets/css/backend.min.css
----------------
D:/phpStudy/PHPTutorial/WWW/3yayue/public/assets/css/../css/bootstrap.css
D:/phpStudy/PHPTutorial/WWW/3yayue/public/assets/css/../css/fastadmin.css
D:/phpStudy/PHPTutorial/WWW/3yayue/public/assets/css/../css/skins/skin-green.css
D:/phpStudy/PHPTutorial/WWW/3yayue/public/assets/css/../css/iconfont.css
D:/phpStudy/PHPTutorial/WWW/3yayue/public/assets/css/../libs/font-awesome/css/font-awesome.min.css
D:/phpStudy/PHPTutorial/WWW/3yayue/public/assets/css/../libs/toastr/toastr.min.css
D:/phpStudy/PHPTutorial/WWW/3yayue/public/assets/css/../libs/fastadmin-layer/dist/theme/default/layer.css
D:/phpStudy/PHPTutorial/WWW/3yayue/public/assets/css/../libs/bootstrap-table/dist/bootstrap-table.min.css
D:/phpStudy/PHPTutorial/WWW/3yayue/public/assets/css/../libs/eonasdan-bootstrap-datetimepicker/build/css/bootstrap-datetimepicker.min.css
D:/phpStudy/PHPTutorial/WWW/3yayue/public/assets/css/../libs/bootstrap-daterangepicker/daterangepicker.css
D:/phpStudy/PHPTutorial/WWW/3yayue/public/assets/css/../libs/nice-validator/dist/jquery.validator.css
D:/phpStudy/PHPTutorial/WWW/3yayue/public/assets/css/../libs/bootstrap-select/dist/css/bootstrap-select.min.css
D:/phpStudy/PHPTutorial/WWW/3yayue/public/assets/css/../libs/fastadmin-selectpage/selectpage.css
D:/phpStudy/PHPTutorial/WWW/3yayue/public/assets/css/backend.css


Tracing dependencies for: require-frontend

D:/phpStudy/PHPTutorial/WWW/3yayue/public/assets/js/require-frontend.min.js
----------------
D:/phpStudy/PHPTutorial/WWW/3yayue/public/assets/libs/jquery/dist/jquery.min.js
D:/phpStudy/PHPTutorial/WWW/3yayue/public/assets/libs/bootstrap/dist/js/bootstrap.min.js
D:/phpStudy/PHPTutorial/WWW/3yayue/public/assets/js/require-frontend.js
D:/phpStudy/PHPTutorial/WWW/3yayue/public/assets/js/../libs/require-css/css.min.js
D:/phpStudy/PHPTutorial/WWW/3yayue/public/assets/libs/fastadmin-layer/dist/layer.js
D:/phpStudy/PHPTutorial/WWW/3yayue/public/assets/libs/toastr/toastr.js
D:/phpStudy/PHPTutorial/WWW/3yayue/public/assets/js/fast.js
D:/phpStudy/PHPTutorial/WWW/3yayue/public/assets/libs/art-template/dist/template-native.js
D:/phpStudy/PHPTutorial/WWW/3yayue/public/assets/js/../libs/moment/moment.js
D:/phpStudy/PHPTutorial/WWW/3yayue/public/assets/js/frontend.js
D:/phpStudy/PHPTutorial/WWW/3yayue/public/assets/js/frontend-init.js


D:/phpStudy/PHPTutorial/WWW/3yayue/public/assets/css/frontend.min.css
----------------
D:/phpStudy/PHPTutorial/WWW/3yayue/public/assets/css/../css/bootstrap.css
D:/phpStudy/PHPTutorial/WWW/3yayue/public/assets/css/../css/fastadmin.css
D:/phpStudy/PHPTutorial/WWW/3yayue/public/assets/css/../css/iconfont.css
D:/phpStudy/PHPTutorial/WWW/3yayue/public/assets/css/../libs/font-awesome/css/font-awesome.min.css
D:/phpStudy/PHPTutorial/WWW/3yayue/public/assets/css/../libs/toastr/toastr.min.css
D:/phpStudy/PHPTutorial/WWW/3yayue/public/assets/css/../libs/fastadmin-layer/dist/theme/default/layer.css
D:/phpStudy/PHPTutorial/WWW/3yayue/public/assets/css/../libs/bootstrap-daterangepicker/daterangepicker.css
D:/phpStudy/PHPTutorial/WWW/3yayue/public/assets/css/../libs/nice-validator/dist/jquery.validator.css
D:/phpStudy/PHPTutorial/WWW/3yayue/public/assets/css/frontend.css


Tracing dependencies for: require-backend

D:/phpStudy/PHPTutorial/WWW/3yayue/public/assets/js/require-backend.min.js
----------------
D:/phpStudy/PHPTutorial/WWW/3yayue/public/assets/libs/jquery/dist/jquery.min.js
D:/phpStudy/PHPTutorial/WWW/3yayue/public/assets/libs/bootstrap/dist/js/bootstrap.min.js
D:/phpStudy/PHPTutorial/WWW/3yayue/public/assets/js/require-backend.js
D:/phpStudy/PHPTutorial/WWW/3yayue/public/assets/js/../libs/require-css/css.min.js
D:/phpStudy/PHPTutorial/WWW/3yayue/public/assets/libs/fastadmin-layer/dist/layer.js
D:/phpStudy/PHPTutorial/WWW/3yayue/public/assets/libs/toastr/toastr.js
D:/phpStudy/PHPTutorial/WWW/3yayue/public/assets/js/fast.js
D:/phpStudy/PHPTutorial/WWW/3yayue/public/assets/libs/art-template/dist/template-native.js
D:/phpStudy/PHPTutorial/WWW/3yayue/public/assets/js/../libs/moment/moment.js
D:/phpStudy/PHPTutorial/WWW/3yayue/public/assets/js/backend.js
D:/phpStudy/PHPTutorial/WWW/3yayue/public/assets/js/backend-init.js
D:/phpStudy/PHPTutorial/WWW/3yayue/public/assets/js/../libs/moment/locale/zh-cn.js
D:/phpStudy/PHPTutorial/WWW/3yayue/public/assets/libs/bootstrap-table/dist/bootstrap-table.min.js
D:/phpStudy/PHPTutorial/WWW/3yayue/public/assets/libs/bootstrap-table/dist/locale/bootstrap-table-zh-CN.js
D:/phpStudy/PHPTutorial/WWW/3yayue/public/assets/libs/tableExport.jquery.plugin/tableExport.min.js
D:/phpStudy/PHPTutorial/WWW/3yayue/public/assets/libs/bootstrap-table/dist/extensions/export/bootstrap-table-export.min.js
D:/phpStudy/PHPTutorial/WWW/3yayue/public/assets/js/../libs/plupload/js/moxie.min.js
D:/phpStudy/PHPTutorial/WWW/3yayue/public/assets/libs/plupload/js/plupload.min.js
D:/phpStudy/PHPTutorial/WWW/3yayue/public/assets/js/require-upload.js
D:/phpStudy/PHPTutorial/WWW/3yayue/public/assets/libs/nice-validator/dist/jquery.validator.js
D:/phpStudy/PHPTutorial/WWW/3yayue/public/assets/libs/nice-validator/dist/local/zh-CN.js
D:/phpStudy/PHPTutorial/WWW/3yayue/public/assets/js/require-validator.js
D:/phpStudy/PHPTutorial/WWW/3yayue/public/assets/js/require-form.js
D:/phpStudy/PHPTutorial/WWW/3yayue/public/assets/js/bootstrap-table-commonsearch.js
D:/phpStudy/PHPTutorial/WWW/3yayue/public/assets/js/bootstrap-table-template.js
D:/phpStudy/PHPTutorial/WWW/3yayue/public/assets/js/bootstrap-table-pagejump.js
D:/phpStudy/PHPTutorial/WWW/3yayue/public/assets/js/require-table.js
D:/phpStudy/PHPTutorial/WWW/3yayue/public/assets/libs/fastadmin-dragsort/jquery.dragsort.js
D:/phpStudy/PHPTutorial/WWW/3yayue/public/assets/js/jquery.drag.min.js
D:/phpStudy/PHPTutorial/WWW/3yayue/public/assets/js/jquery.drop.min.js
D:/phpStudy/PHPTutorial/WWW/3yayue/public/assets/libs/fastadmin-addtabs/jquery.addtabs.js
D:/phpStudy/PHPTutorial/WWW/3yayue/public/assets/libs/fastadmin-selectpage/selectpage.js


D:/phpStudy/PHPTutorial/WWW/3yayue/public/assets/css/backend.min.css
----------------
D:/phpStudy/PHPTutorial/WWW/3yayue/public/assets/css/../css/bootstrap.css
D:/phpStudy/PHPTutorial/WWW/3yayue/public/assets/css/../css/fastadmin.css
D:/phpStudy/PHPTutorial/WWW/3yayue/public/assets/css/../css/skins/skin-green.css
D:/phpStudy/PHPTutorial/WWW/3yayue/public/assets/css/../css/iconfont.css
D:/phpStudy/PHPTutorial/WWW/3yayue/public/assets/css/../libs/font-awesome/css/font-awesome.min.css
D:/phpStudy/PHPTutorial/WWW/3yayue/public/assets/css/../libs/toastr/toastr.min.css
D:/phpStudy/PHPTutorial/WWW/3yayue/public/assets/css/../libs/fastadmin-layer/dist/theme/default/layer.css
D:/phpStudy/PHPTutorial/WWW/3yayue/public/assets/css/../libs/bootstrap-table/dist/bootstrap-table.min.css
D:/phpStudy/PHPTutorial/WWW/3yayue/public/assets/css/../libs/eonasdan-bootstrap-datetimepicker/build/css/bootstrap-datetimepicker.min.css
D:/phpStudy/PHPTutorial/WWW/3yayue/public/assets/css/../libs/bootstrap-daterangepicker/daterangepicker.css
D:/phpStudy/PHPTutorial/WWW/3yayue/public/assets/css/../libs/nice-validator/dist/jquery.validator.css
D:/phpStudy/PHPTutorial/WWW/3yayue/public/assets/css/../libs/bootstrap-select/dist/css/bootstrap-select.min.css
D:/phpStudy/PHPTutorial/WWW/3yayue/public/assets/css/../libs/fastadmin-selectpage/selectpage.css
D:/phpStudy/PHPTutorial/WWW/3yayue/public/assets/css/backend.css


Tracing dependencies for: require-frontend

D:/phpStudy/PHPTutorial/WWW/3yayue/public/assets/js/require-frontend.min.js
----------------
D:/phpStudy/PHPTutorial/WWW/3yayue/public/assets/libs/jquery/dist/jquery.min.js
D:/phpStudy/PHPTutorial/WWW/3yayue/public/assets/libs/bootstrap/dist/js/bootstrap.min.js
D:/phpStudy/PHPTutorial/WWW/3yayue/public/assets/js/require-frontend.js
D:/phpStudy/PHPTutorial/WWW/3yayue/public/assets/js/../libs/require-css/css.min.js
D:/phpStudy/PHPTutorial/WWW/3yayue/public/assets/libs/fastadmin-layer/dist/layer.js
D:/phpStudy/PHPTutorial/WWW/3yayue/public/assets/libs/toastr/toastr.js
D:/phpStudy/PHPTutorial/WWW/3yayue/public/assets/js/fast.js
D:/phpStudy/PHPTutorial/WWW/3yayue/public/assets/libs/art-template/dist/template-native.js
D:/phpStudy/PHPTutorial/WWW/3yayue/public/assets/js/../libs/moment/moment.js
D:/phpStudy/PHPTutorial/WWW/3yayue/public/assets/js/frontend.js
D:/phpStudy/PHPTutorial/WWW/3yayue/public/assets/js/frontend-init.js


D:/phpStudy/PHPTutorial/WWW/3yayue/public/assets/css/frontend.min.css
----------------
D:/phpStudy/PHPTutorial/WWW/3yayue/public/assets/css/../css/bootstrap.css
D:/phpStudy/PHPTutorial/WWW/3yayue/public/assets/css/../css/fastadmin.css
D:/phpStudy/PHPTutorial/WWW/3yayue/public/assets/css/../css/iconfont.css
D:/phpStudy/PHPTutorial/WWW/3yayue/public/assets/css/../libs/font-awesome/css/font-awesome.min.css
D:/phpStudy/PHPTutorial/WWW/3yayue/public/assets/css/../libs/toastr/toastr.min.css
D:/phpStudy/PHPTutorial/WWW/3yayue/public/assets/css/../libs/fastadmin-layer/dist/theme/default/layer.css
D:/phpStudy/PHPTutorial/WWW/3yayue/public/assets/css/../libs/bootstrap-daterangepicker/daterangepicker.css
D:/phpStudy/PHPTutorial/WWW/3yayue/public/assets/css/../libs/nice-validator/dist/jquery.validator.css
D:/phpStudy/PHPTutorial/WWW/3yayue/public/assets/css/frontend.css


Tracing dependencies for: require-backend

D:/phpStudy/PHPTutorial/WWW/3yayue/public/assets/js/require-backend.min.js
----------------
D:/phpStudy/PHPTutorial/WWW/3yayue/public/assets/libs/jquery/dist/jquery.min.js
D:/phpStudy/PHPTutorial/WWW/3yayue/public/assets/libs/bootstrap/dist/js/bootstrap.min.js
D:/phpStudy/PHPTutorial/WWW/3yayue/public/assets/js/require-backend.js
D:/phpStudy/PHPTutorial/WWW/3yayue/public/assets/js/../libs/require-css/css.min.js
D:/phpStudy/PHPTutorial/WWW/3yayue/public/assets/libs/fastadmin-layer/dist/layer.js
D:/phpStudy/PHPTutorial/WWW/3yayue/public/assets/libs/toastr/toastr.js
D:/phpStudy/PHPTutorial/WWW/3yayue/public/assets/js/fast.js
D:/phpStudy/PHPTutorial/WWW/3yayue/public/assets/libs/art-template/dist/template-native.js
D:/phpStudy/PHPTutorial/WWW/3yayue/public/assets/js/../libs/moment/moment.js
D:/phpStudy/PHPTutorial/WWW/3yayue/public/assets/js/backend.js
D:/phpStudy/PHPTutorial/WWW/3yayue/public/assets/js/backend-init.js
D:/phpStudy/PHPTutorial/WWW/3yayue/public/assets/js/../libs/moment/locale/zh-cn.js
D:/phpStudy/PHPTutorial/WWW/3yayue/public/assets/libs/bootstrap-table/dist/bootstrap-table.min.js
D:/phpStudy/PHPTutorial/WWW/3yayue/public/assets/libs/bootstrap-table/dist/locale/bootstrap-table-zh-CN.js
D:/phpStudy/PHPTutorial/WWW/3yayue/public/assets/libs/tableExport.jquery.plugin/tableExport.min.js
D:/phpStudy/PHPTutorial/WWW/3yayue/public/assets/libs/bootstrap-table/dist/extensions/export/bootstrap-table-export.min.js
D:/phpStudy/PHPTutorial/WWW/3yayue/public/assets/js/../libs/plupload/js/moxie.min.js
D:/phpStudy/PHPTutorial/WWW/3yayue/public/assets/libs/plupload/js/plupload.min.js
D:/phpStudy/PHPTutorial/WWW/3yayue/public/assets/js/require-upload.js
D:/phpStudy/PHPTutorial/WWW/3yayue/public/assets/libs/nice-validator/dist/jquery.validator.js
D:/phpStudy/PHPTutorial/WWW/3yayue/public/assets/libs/nice-validator/dist/local/zh-CN.js
D:/phpStudy/PHPTutorial/WWW/3yayue/public/assets/js/require-validator.js
D:/phpStudy/PHPTutorial/WWW/3yayue/public/assets/js/require-form.js
D:/phpStudy/PHPTutorial/WWW/3yayue/public/assets/js/bootstrap-table-commonsearch.js
D:/phpStudy/PHPTutorial/WWW/3yayue/public/assets/js/bootstrap-table-template.js
D:/phpStudy/PHPTutorial/WWW/3yayue/public/assets/js/bootstrap-table-pagejump.js
D:/phpStudy/PHPTutorial/WWW/3yayue/public/assets/js/require-table.js
D:/phpStudy/PHPTutorial/WWW/3yayue/public/assets/libs/fastadmin-dragsort/jquery.dragsort.js
D:/phpStudy/PHPTutorial/WWW/3yayue/public/assets/js/jquery.drag.min.js
D:/phpStudy/PHPTutorial/WWW/3yayue/public/assets/js/jquery.drop.min.js
D:/phpStudy/PHPTutorial/WWW/3yayue/public/assets/libs/fastadmin-addtabs/jquery.addtabs.js
D:/phpStudy/PHPTutorial/WWW/3yayue/public/assets/libs/fastadmin-selectpage/selectpage.js


D:/phpStudy/PHPTutorial/WWW/3yayue/public/assets/css/backend.min.css
----------------
D:/phpStudy/PHPTutorial/WWW/3yayue/public/assets/css/../css/bootstrap.css
D:/phpStudy/PHPTutorial/WWW/3yayue/public/assets/css/../css/fastadmin.css
D:/phpStudy/PHPTutorial/WWW/3yayue/public/assets/css/../css/skins/skin-green.css
D:/phpStudy/PHPTutorial/WWW/3yayue/public/assets/css/../css/iconfont.css
D:/phpStudy/PHPTutorial/WWW/3yayue/public/assets/css/../libs/font-awesome/css/font-awesome.min.css
D:/phpStudy/PHPTutorial/WWW/3yayue/public/assets/css/../libs/toastr/toastr.min.css
D:/phpStudy/PHPTutorial/WWW/3yayue/public/assets/css/../libs/fastadmin-layer/dist/theme/default/layer.css
D:/phpStudy/PHPTutorial/WWW/3yayue/public/assets/css/../libs/bootstrap-table/dist/bootstrap-table.min.css
D:/phpStudy/PHPTutorial/WWW/3yayue/public/assets/css/../libs/eonasdan-bootstrap-datetimepicker/build/css/bootstrap-datetimepicker.min.css
D:/phpStudy/PHPTutorial/WWW/3yayue/public/assets/css/../libs/bootstrap-daterangepicker/daterangepicker.css
D:/phpStudy/PHPTutorial/WWW/3yayue/public/assets/css/../libs/nice-validator/dist/jquery.validator.css
D:/phpStudy/PHPTutorial/WWW/3yayue/public/assets/css/../libs/bootstrap-select/dist/css/bootstrap-select.min.css
D:/phpStudy/PHPTutorial/WWW/3yayue/public/assets/css/../libs/fastadmin-selectpage/selectpage.css
D:/phpStudy/PHPTutorial/WWW/3yayue/public/assets/css/backend.css


Tracing dependencies for: require-frontend

D:/phpStudy/PHPTutorial/WWW/3yayue/public/assets/js/require-frontend.min.js
----------------
D:/phpStudy/PHPTutorial/WWW/3yayue/public/assets/libs/jquery/dist/jquery.min.js
D:/phpStudy/PHPTutorial/WWW/3yayue/public/assets/libs/bootstrap/dist/js/bootstrap.min.js
D:/phpStudy/PHPTutorial/WWW/3yayue/public/assets/js/require-frontend.js
D:/phpStudy/PHPTutorial/WWW/3yayue/public/assets/js/../libs/require-css/css.min.js
D:/phpStudy/PHPTutorial/WWW/3yayue/public/assets/libs/fastadmin-layer/dist/layer.js
D:/phpStudy/PHPTutorial/WWW/3yayue/public/assets/libs/toastr/toastr.js
D:/phpStudy/PHPTutorial/WWW/3yayue/public/assets/js/fast.js
D:/phpStudy/PHPTutorial/WWW/3yayue/public/assets/libs/art-template/dist/template-native.js
D:/phpStudy/PHPTutorial/WWW/3yayue/public/assets/js/../libs/moment/moment.js
D:/phpStudy/PHPTutorial/WWW/3yayue/public/assets/js/frontend.js
D:/phpStudy/PHPTutorial/WWW/3yayue/public/assets/js/frontend-init.js


D:/phpStudy/PHPTutorial/WWW/3yayue/public/assets/css/frontend.min.css
----------------
D:/phpStudy/PHPTutorial/WWW/3yayue/public/assets/css/../css/bootstrap.css
D:/phpStudy/PHPTutorial/WWW/3yayue/public/assets/css/../css/fastadmin.css
D:/phpStudy/PHPTutorial/WWW/3yayue/public/assets/css/../css/iconfont.css
D:/phpStudy/PHPTutorial/WWW/3yayue/public/assets/css/../libs/font-awesome/css/font-awesome.min.css
D:/phpStudy/PHPTutorial/WWW/3yayue/public/assets/css/../libs/toastr/toastr.min.css
D:/phpStudy/PHPTutorial/WWW/3yayue/public/assets/css/../libs/fastadmin-layer/dist/theme/default/layer.css
D:/phpStudy/PHPTutorial/WWW/3yayue/public/assets/css/../libs/bootstrap-daterangepicker/daterangepicker.css
D:/phpStudy/PHPTutorial/WWW/3yayue/public/assets/css/../libs/nice-validator/dist/jquery.validator.css
D:/phpStudy/PHPTutorial/WWW/3yayue/public/assets/css/frontend.css


Tracing dependencies for: require-backend

D:/phpStudy/PHPTutorial/WWW/3yayue/public/assets/js/require-backend.min.js
----------------
D:/phpStudy/PHPTutorial/WWW/3yayue/public/assets/libs/jquery/dist/jquery.min.js
D:/phpStudy/PHPTutorial/WWW/3yayue/public/assets/libs/bootstrap/dist/js/bootstrap.min.js
D:/phpStudy/PHPTutorial/WWW/3yayue/public/assets/js/require-backend.js
D:/phpStudy/PHPTutorial/WWW/3yayue/public/assets/js/../libs/require-css/css.min.js
D:/phpStudy/PHPTutorial/WWW/3yayue/public/assets/libs/fastadmin-layer/dist/layer.js
D:/phpStudy/PHPTutorial/WWW/3yayue/public/assets/libs/toastr/toastr.js
D:/phpStudy/PHPTutorial/WWW/3yayue/public/assets/js/fast.js
D:/phpStudy/PHPTutorial/WWW/3yayue/public/assets/libs/art-template/dist/template-native.js
D:/phpStudy/PHPTutorial/WWW/3yayue/public/assets/js/../libs/moment/moment.js
D:/phpStudy/PHPTutorial/WWW/3yayue/public/assets/js/backend.js
D:/phpStudy/PHPTutorial/WWW/3yayue/public/assets/js/backend-init.js
D:/phpStudy/PHPTutorial/WWW/3yayue/public/assets/js/../libs/moment/locale/zh-cn.js
D:/phpStudy/PHPTutorial/WWW/3yayue/public/assets/libs/bootstrap-table/dist/bootstrap-table.min.js
D:/phpStudy/PHPTutorial/WWW/3yayue/public/assets/libs/bootstrap-table/dist/locale/bootstrap-table-zh-CN.js
D:/phpStudy/PHPTutorial/WWW/3yayue/public/assets/libs/tableExport.jquery.plugin/tableExport.min.js
D:/phpStudy/PHPTutorial/WWW/3yayue/public/assets/libs/bootstrap-table/dist/extensions/export/bootstrap-table-export.min.js
D:/phpStudy/PHPTutorial/WWW/3yayue/public/assets/js/../libs/plupload/js/moxie.min.js
D:/phpStudy/PHPTutorial/WWW/3yayue/public/assets/libs/plupload/js/plupload.min.js
D:/phpStudy/PHPTutorial/WWW/3yayue/public/assets/js/require-upload.js
D:/phpStudy/PHPTutorial/WWW/3yayue/public/assets/libs/nice-validator/dist/jquery.validator.js
D:/phpStudy/PHPTutorial/WWW/3yayue/public/assets/libs/nice-validator/dist/local/zh-CN.js
D:/phpStudy/PHPTutorial/WWW/3yayue/public/assets/js/require-validator.js
D:/phpStudy/PHPTutorial/WWW/3yayue/public/assets/js/require-form.js
D:/phpStudy/PHPTutorial/WWW/3yayue/public/assets/js/bootstrap-table-commonsearch.js
D:/phpStudy/PHPTutorial/WWW/3yayue/public/assets/js/bootstrap-table-template.js
D:/phpStudy/PHPTutorial/WWW/3yayue/public/assets/js/bootstrap-table-pagejump.js
D:/phpStudy/PHPTutorial/WWW/3yayue/public/assets/js/require-table.js
D:/phpStudy/PHPTutorial/WWW/3yayue/public/assets/libs/fastadmin-dragsort/jquery.dragsort.js
D:/phpStudy/PHPTutorial/WWW/3yayue/public/assets/js/jquery.drag.min.js
D:/phpStudy/PHPTutorial/WWW/3yayue/public/assets/js/jquery.drop.min.js
D:/phpStudy/PHPTutorial/WWW/3yayue/public/assets/libs/fastadmin-addtabs/jquery.addtabs.js
D:/phpStudy/PHPTutorial/WWW/3yayue/public/assets/libs/fastadmin-selectpage/selectpage.js


D:/phpStudy/PHPTutorial/WWW/3yayue/public/assets/css/backend.min.css
----------------
D:/phpStudy/PHPTutorial/WWW/3yayue/public/assets/css/../css/bootstrap.css
D:/phpStudy/PHPTutorial/WWW/3yayue/public/assets/css/../css/fastadmin.css
D:/phpStudy/PHPTutorial/WWW/3yayue/public/assets/css/../css/skins/skin-green.css
D:/phpStudy/PHPTutorial/WWW/3yayue/public/assets/css/../css/iconfont.css
D:/phpStudy/PHPTutorial/WWW/3yayue/public/assets/css/../libs/font-awesome/css/font-awesome.min.css
D:/phpStudy/PHPTutorial/WWW/3yayue/public/assets/css/../libs/toastr/toastr.min.css
D:/phpStudy/PHPTutorial/WWW/3yayue/public/assets/css/../libs/fastadmin-layer/dist/theme/default/layer.css
D:/phpStudy/PHPTutorial/WWW/3yayue/public/assets/css/../libs/bootstrap-table/dist/bootstrap-table.min.css
D:/phpStudy/PHPTutorial/WWW/3yayue/public/assets/css/../libs/eonasdan-bootstrap-datetimepicker/build/css/bootstrap-datetimepicker.min.css
D:/phpStudy/PHPTutorial/WWW/3yayue/public/assets/css/../libs/bootstrap-daterangepicker/daterangepicker.css
D:/phpStudy/PHPTutorial/WWW/3yayue/public/assets/css/../libs/nice-validator/dist/jquery.validator.css
D:/phpStudy/PHPTutorial/WWW/3yayue/public/assets/css/../libs/bootstrap-select/dist/css/bootstrap-select.min.css
D:/phpStudy/PHPTutorial/WWW/3yayue/public/assets/css/../libs/fastadmin-selectpage/selectpage.css
D:/phpStudy/PHPTutorial/WWW/3yayue/public/assets/css/backend.css


Tracing dependencies for: require-frontend

D:/phpStudy/PHPTutorial/WWW/3yayue/public/assets/js/require-frontend.min.js
----------------
D:/phpStudy/PHPTutorial/WWW/3yayue/public/assets/libs/jquery/dist/jquery.min.js
D:/phpStudy/PHPTutorial/WWW/3yayue/public/assets/libs/bootstrap/dist/js/bootstrap.min.js
D:/phpStudy/PHPTutorial/WWW/3yayue/public/assets/js/require-frontend.js
D:/phpStudy/PHPTutorial/WWW/3yayue/public/assets/js/../libs/require-css/css.min.js
D:/phpStudy/PHPTutorial/WWW/3yayue/public/assets/libs/fastadmin-layer/dist/layer.js
D:/phpStudy/PHPTutorial/WWW/3yayue/public/assets/libs/toastr/toastr.js
D:/phpStudy/PHPTutorial/WWW/3yayue/public/assets/js/fast.js
D:/phpStudy/PHPTutorial/WWW/3yayue/public/assets/libs/art-template/dist/template-native.js
D:/phpStudy/PHPTutorial/WWW/3yayue/public/assets/js/../libs/moment/moment.js
D:/phpStudy/PHPTutorial/WWW/3yayue/public/assets/js/frontend.js
D:/phpStudy/PHPTutorial/WWW/3yayue/public/assets/js/frontend-init.js


D:/phpStudy/PHPTutorial/WWW/3yayue/public/assets/css/frontend.min.css
----------------
D:/phpStudy/PHPTutorial/WWW/3yayue/public/assets/css/../css/bootstrap.css
D:/phpStudy/PHPTutorial/WWW/3yayue/public/assets/css/../css/fastadmin.css
D:/phpStudy/PHPTutorial/WWW/3yayue/public/assets/css/../css/iconfont.css
D:/phpStudy/PHPTutorial/WWW/3yayue/public/assets/css/../libs/font-awesome/css/font-awesome.min.css
D:/phpStudy/PHPTutorial/WWW/3yayue/public/assets/css/../libs/toastr/toastr.min.css
D:/phpStudy/PHPTutorial/WWW/3yayue/public/assets/css/../libs/fastadmin-layer/dist/theme/default/layer.css
D:/phpStudy/PHPTutorial/WWW/3yayue/public/assets/css/../libs/bootstrap-daterangepicker/daterangepicker.css
D:/phpStudy/PHPTutorial/WWW/3yayue/public/assets/css/../libs/nice-validator/dist/jquery.validator.css
D:/phpStudy/PHPTutorial/WWW/3yayue/public/assets/css/frontend.css


Tracing dependencies for: require-backend

D:/phpStudy/PHPTutorial/WWW/3yayue/public/assets/js/require-backend.min.js
----------------
D:/phpStudy/PHPTutorial/WWW/3yayue/public/assets/libs/jquery/dist/jquery.min.js
D:/phpStudy/PHPTutorial/WWW/3yayue/public/assets/libs/bootstrap/dist/js/bootstrap.min.js
D:/phpStudy/PHPTutorial/WWW/3yayue/public/assets/js/require-backend.js
D:/phpStudy/PHPTutorial/WWW/3yayue/public/assets/js/../libs/require-css/css.min.js
D:/phpStudy/PHPTutorial/WWW/3yayue/public/assets/libs/fastadmin-layer/dist/layer.js
D:/phpStudy/PHPTutorial/WWW/3yayue/public/assets/libs/toastr/toastr.js
D:/phpStudy/PHPTutorial/WWW/3yayue/public/assets/js/fast.js
D:/phpStudy/PHPTutorial/WWW/3yayue/public/assets/libs/art-template/dist/template-native.js
D:/phpStudy/PHPTutorial/WWW/3yayue/public/assets/js/../libs/moment/moment.js
D:/phpStudy/PHPTutorial/WWW/3yayue/public/assets/js/backend.js
D:/phpStudy/PHPTutorial/WWW/3yayue/public/assets/js/backend-init.js
D:/phpStudy/PHPTutorial/WWW/3yayue/public/assets/js/../libs/moment/locale/zh-cn.js
D:/phpStudy/PHPTutorial/WWW/3yayue/public/assets/libs/bootstrap-table/dist/bootstrap-table.min.js
D:/phpStudy/PHPTutorial/WWW/3yayue/public/assets/libs/bootstrap-table/dist/locale/bootstrap-table-zh-CN.js
D:/phpStudy/PHPTutorial/WWW/3yayue/public/assets/libs/tableExport.jquery.plugin/tableExport.min.js
D:/phpStudy/PHPTutorial/WWW/3yayue/public/assets/libs/bootstrap-table/dist/extensions/export/bootstrap-table-export.min.js
D:/phpStudy/PHPTutorial/WWW/3yayue/public/assets/js/../libs/plupload/js/moxie.min.js
D:/phpStudy/PHPTutorial/WWW/3yayue/public/assets/libs/plupload/js/plupload.min.js
D:/phpStudy/PHPTutorial/WWW/3yayue/public/assets/js/require-upload.js
D:/phpStudy/PHPTutorial/WWW/3yayue/public/assets/libs/nice-validator/dist/jquery.validator.js
D:/phpStudy/PHPTutorial/WWW/3yayue/public/assets/libs/nice-validator/dist/local/zh-CN.js
D:/phpStudy/PHPTutorial/WWW/3yayue/public/assets/js/require-validator.js
D:/phpStudy/PHPTutorial/WWW/3yayue/public/assets/js/require-form.js
D:/phpStudy/PHPTutorial/WWW/3yayue/public/assets/js/bootstrap-table-commonsearch.js
D:/phpStudy/PHPTutorial/WWW/3yayue/public/assets/js/bootstrap-table-template.js
D:/phpStudy/PHPTutorial/WWW/3yayue/public/assets/js/bootstrap-table-pagejump.js
D:/phpStudy/PHPTutorial/WWW/3yayue/public/assets/js/require-table.js
D:/phpStudy/PHPTutorial/WWW/3yayue/public/assets/libs/fastadmin-dragsort/jquery.dragsort.js
D:/phpStudy/PHPTutorial/WWW/3yayue/public/assets/js/jquery.drag.min.js
D:/phpStudy/PHPTutorial/WWW/3yayue/public/assets/js/jquery.drop.min.js
D:/phpStudy/PHPTutorial/WWW/3yayue/public/assets/libs/fastadmin-addtabs/jquery.addtabs.js
D:/phpStudy/PHPTutorial/WWW/3yayue/public/assets/libs/fastadmin-selectpage/selectpage.js


D:/phpStudy/PHPTutorial/WWW/3yayue/public/assets/css/backend.min.css
----------------
D:/phpStudy/PHPTutorial/WWW/3yayue/public/assets/css/../css/bootstrap.css
D:/phpStudy/PHPTutorial/WWW/3yayue/public/assets/css/../css/fastadmin.css
D:/phpStudy/PHPTutorial/WWW/3yayue/public/assets/css/../css/skins/skin-green.css
D:/phpStudy/PHPTutorial/WWW/3yayue/public/assets/css/../css/iconfont.css
D:/phpStudy/PHPTutorial/WWW/3yayue/public/assets/css/../libs/font-awesome/css/font-awesome.min.css
D:/phpStudy/PHPTutorial/WWW/3yayue/public/assets/css/../libs/toastr/toastr.min.css
D:/phpStudy/PHPTutorial/WWW/3yayue/public/assets/css/../libs/fastadmin-layer/dist/theme/default/layer.css
D:/phpStudy/PHPTutorial/WWW/3yayue/public/assets/css/../libs/bootstrap-table/dist/bootstrap-table.min.css
D:/phpStudy/PHPTutorial/WWW/3yayue/public/assets/css/../libs/eonasdan-bootstrap-datetimepicker/build/css/bootstrap-datetimepicker.min.css
D:/phpStudy/PHPTutorial/WWW/3yayue/public/assets/css/../libs/bootstrap-daterangepicker/daterangepicker.css
D:/phpStudy/PHPTutorial/WWW/3yayue/public/assets/css/../libs/nice-validator/dist/jquery.validator.css
D:/phpStudy/PHPTutorial/WWW/3yayue/public/assets/css/../libs/bootstrap-select/dist/css/bootstrap-select.min.css
D:/phpStudy/PHPTutorial/WWW/3yayue/public/assets/css/../libs/fastadmin-selectpage/selectpage.css
D:/phpStudy/PHPTutorial/WWW/3yayue/public/assets/css/backend.css

